/ros_workspace/src/install/auv_recruitment/lib/python3.10/site-packages/auv_recruitment/task4.py
/ros_workspace/src/install/auv_recruitment/lib/python3.10/site-packages/auv_recruitment/task2_process.py
/ros_workspace/src/install/auv_recruitment/lib/python3.10/site-packages/auv_recruitment/task3_navigator.py
/ros_workspace/src/install/auv_recruitment/lib/python3.10/site-packages/auv_recruitment/task2_out.py
/ros_workspace/src/install/auv_recruitment/lib/python3.10/site-packages/auv_recruitment/task2_pub.py
/ros_workspace/src/install/auv_recruitment/lib/python3.10/site-packages/auv_recruitment/task1.py
/ros_workspace/src/install/auv_recruitment/lib/python3.10/site-packages/auv_recruitment/task3_commander.py
/ros_workspace/src/install/auv_recruitment/lib/python3.10/site-packages/auv_recruitment/__init__.py
/ros_workspace/src/install/auv_recruitment/lib/python3.10/site-packages/auv_recruitment/__pycache__/task4.cpython-310.pyc
/ros_workspace/src/install/auv_recruitment/lib/python3.10/site-packages/auv_recruitment/__pycache__/task2_process.cpython-310.pyc
/ros_workspace/src/install/auv_recruitment/lib/python3.10/site-packages/auv_recruitment/__pycache__/task3_navigator.cpython-310.pyc
/ros_workspace/src/install/auv_recruitment/lib/python3.10/site-packages/auv_recruitment/__pycache__/task2_out.cpython-310.pyc
/ros_workspace/src/install/auv_recruitment/lib/python3.10/site-packages/auv_recruitment/__pycache__/task2_pub.cpython-310.pyc
/ros_workspace/src/install/auv_recruitment/lib/python3.10/site-packages/auv_recruitment/__pycache__/task1.cpython-310.pyc
/ros_workspace/src/install/auv_recruitment/lib/python3.10/site-packages/auv_recruitment/__pycache__/task3_commander.cpython-310.pyc
/ros_workspace/src/install/auv_recruitment/lib/python3.10/site-packages/auv_recruitment/__pycache__/__init__.cpython-310.pyc
/ros_workspace/src/install/auv_recruitment/share/ament_index/resource_index/packages/auv_recruitment
/ros_workspace/src/install/auv_recruitment/share/auv_recruitment/package.xml
/ros_workspace/src/install/auv_recruitment/lib/python3.10/site-packages/auv_recruitment-0.0.0-py3.10.egg-info/dependency_links.txt
/ros_workspace/src/install/auv_recruitment/lib/python3.10/site-packages/auv_recruitment-0.0.0-py3.10.egg-info/PKG-INFO
/ros_workspace/src/install/auv_recruitment/lib/python3.10/site-packages/auv_recruitment-0.0.0-py3.10.egg-info/entry_points.txt
/ros_workspace/src/install/auv_recruitment/lib/python3.10/site-packages/auv_recruitment-0.0.0-py3.10.egg-info/requires.txt
/ros_workspace/src/install/auv_recruitment/lib/python3.10/site-packages/auv_recruitment-0.0.0-py3.10.egg-info/top_level.txt
/ros_workspace/src/install/auv_recruitment/lib/python3.10/site-packages/auv_recruitment-0.0.0-py3.10.egg-info/zip-safe
/ros_workspace/src/install/auv_recruitment/lib/python3.10/site-packages/auv_recruitment-0.0.0-py3.10.egg-info/SOURCES.txt
/ros_workspace/src/install/auv_recruitment/lib/auv_recruitment/task1
/ros_workspace/src/install/auv_recruitment/lib/auv_recruitment/task2_out
/ros_workspace/src/install/auv_recruitment/lib/auv_recruitment/task2_process
/ros_workspace/src/install/auv_recruitment/lib/auv_recruitment/task2_pub
/ros_workspace/src/install/auv_recruitment/lib/auv_recruitment/task3_commander
/ros_workspace/src/install/auv_recruitment/lib/auv_recruitment/task3_navigator
/ros_workspace/src/install/auv_recruitment/lib/auv_recruitment/task4
