[0.109s] DEBUG:colcon:Command line arguments: ['/usr/bin/colcon', 'build']
[0.109s] DEBUG:colcon:Parsed command line arguments: Namespace(log_base=None, log_level=None, verb_name='build', build_base='build', install_base='install', merge_install=False, symlink_install=False, test_result_base=None, continue_on_error=False, executor='parallel', parallel_workers=12, event_handlers=None, ignore_user_meta=False, metas=['./colcon.meta'], base_paths=['.'], packages_ignore=None, packages_ignore_regex=None, paths=None, packages_up_to=None, packages_up_to_regex=None, packages_above=None, packages_above_and_dependencies=None, packages_above_depth=None, packages_select_by_dep=None, packages_skip_by_dep=None, packages_skip_up_to=None, packages_select_build_failed=False, packages_skip_build_finished=False, packages_select_test_failures=False, packages_skip_test_passed=False, packages_select=None, packages_skip=None, packages_select_regex=None, packages_skip_regex=None, packages_start=None, packages_end=None, cmake_args=None, cmake_target=None, cmake_target_skip_unavailable=False, cmake_clean_cache=False, cmake_clean_first=False, cmake_force_configure=False, ament_cmake_args=None, catkin_cmake_args=None, catkin_skip_building_tests=False, mixin_files=None, mixin=None, verb_parser=<colcon_mixin.mixin.mixin_argument.MixinArgumentDecorator object at 0x73b96d313970>, verb_extension=<colcon_core.verb.build.BuildVerb object at 0x73b96d4c47f0>, main=<bound method BuildVerb.main of <colcon_core.verb.build.BuildVerb object at 0x73b96d4c47f0>>, mixin_verb=('build',))
[0.236s] Level 1:colcon.colcon_core.package_discovery:discover_packages(colcon_meta) check parameters
[0.237s] INFO:colcon.colcon_metadata.package_discovery.colcon_meta:Using configuration from '/root/.colcon/metadata/default/Gazebo.meta'
[0.237s] INFO:colcon.colcon_metadata.package_discovery.colcon_meta:Using configuration from '/root/.colcon/metadata/default/fastdds.meta'
[0.238s] INFO:colcon.colcon_metadata.package_discovery.colcon_meta:Using configuration from '/root/.colcon/metadata/default/fastrtps.meta'
[0.238s] Level 1:colcon.colcon_core.package_discovery:discover_packages(recursive) check parameters
[0.238s] Level 1:colcon.colcon_core.package_discovery:discover_packages(ignore) check parameters
[0.238s] Level 1:colcon.colcon_core.package_discovery:discover_packages(path) check parameters
[0.238s] Level 1:colcon.colcon_core.package_discovery:discover_packages(colcon_meta) discover
[0.238s] Level 1:colcon.colcon_core.package_discovery:discover_packages(recursive) discover
[0.238s] INFO:colcon.colcon_core.package_discovery:Crawling recursively for packages in '/ros_workspace/src'
[0.238s] Level 1:colcon.colcon_core.package_identification:_identify(.) by extensions ['ignore', 'ignore_ament_install']
[0.238s] Level 1:colcon.colcon_core.package_identification:_identify(.) by extension 'ignore'
[0.238s] Level 1:colcon.colcon_core.package_identification:_identify(.) by extension 'ignore_ament_install'
[0.238s] Level 1:colcon.colcon_core.package_identification:_identify(.) by extensions ['colcon_pkg']
[0.238s] Level 1:colcon.colcon_core.package_identification:_identify(.) by extension 'colcon_pkg'
[0.238s] Level 1:colcon.colcon_core.package_identification:_identify(.) by extensions ['colcon_meta']
[0.238s] Level 1:colcon.colcon_core.package_identification:_identify(.) by extension 'colcon_meta'
[0.238s] Level 1:colcon.colcon_core.package_identification:_identify(.) by extensions ['ros']
[0.239s] Level 1:colcon.colcon_core.package_identification:_identify(.) by extension 'ros'
[0.249s] Level 1:colcon.colcon_core.package_identification:_identify(.) by extensions ['cmake', 'python']
[0.249s] Level 1:colcon.colcon_core.package_identification:_identify(.) by extension 'cmake'
[0.249s] Level 1:colcon.colcon_core.package_identification:_identify(.) by extension 'python'
[0.250s] Level 1:colcon.colcon_core.package_identification:_identify(.) by extensions ['python_setup_py']
[0.250s] Level 1:colcon.colcon_core.package_identification:_identify(.) by extension 'python_setup_py'
[0.250s] Level 1:colcon.colcon_core.package_identification:_identify(auv_interfaces) by extensions ['ignore', 'ignore_ament_install']
[0.250s] Level 1:colcon.colcon_core.package_identification:_identify(auv_interfaces) by extension 'ignore'
[0.250s] Level 1:colcon.colcon_core.package_identification:_identify(auv_interfaces) by extension 'ignore_ament_install'
[0.250s] Level 1:colcon.colcon_core.package_identification:_identify(auv_interfaces) by extensions ['colcon_pkg']
[0.250s] Level 1:colcon.colcon_core.package_identification:_identify(auv_interfaces) by extension 'colcon_pkg'
[0.250s] Level 1:colcon.colcon_core.package_identification:_identify(auv_interfaces) by extensions ['colcon_meta']
[0.250s] Level 1:colcon.colcon_core.package_identification:_identify(auv_interfaces) by extension 'colcon_meta'
[0.250s] Level 1:colcon.colcon_core.package_identification:_identify(auv_interfaces) by extensions ['ros']
[0.250s] Level 1:colcon.colcon_core.package_identification:_identify(auv_interfaces) by extension 'ros'
[0.252s] DEBUG:colcon.colcon_core.package_identification:Package 'auv_interfaces' with type 'ros.ament_cmake' and name 'auv_interfaces'
[0.252s] Level 1:colcon.colcon_core.package_identification:_identify(auv_recruitment) by extensions ['ignore', 'ignore_ament_install']
[0.252s] Level 1:colcon.colcon_core.package_identification:_identify(auv_recruitment) by extension 'ignore'
[0.252s] Level 1:colcon.colcon_core.package_identification:_identify(auv_recruitment) by extension 'ignore_ament_install'
[0.252s] Level 1:colcon.colcon_core.package_identification:_identify(auv_recruitment) by extensions ['colcon_pkg']
[0.252s] Level 1:colcon.colcon_core.package_identification:_identify(auv_recruitment) by extension 'colcon_pkg'
[0.252s] Level 1:colcon.colcon_core.package_identification:_identify(auv_recruitment) by extensions ['colcon_meta']
[0.252s] Level 1:colcon.colcon_core.package_identification:_identify(auv_recruitment) by extension 'colcon_meta'
[0.252s] Level 1:colcon.colcon_core.package_identification:_identify(auv_recruitment) by extensions ['ros']
[0.253s] Level 1:colcon.colcon_core.package_identification:_identify(auv_recruitment) by extension 'ros'
[0.253s] DEBUG:colcon.colcon_core.package_identification:Package 'auv_recruitment' with type 'ros.ament_python' and name 'auv_recruitment'
[0.253s] Level 1:colcon.colcon_core.package_identification:_identify(build) by extensions ['ignore', 'ignore_ament_install']
[0.253s] Level 1:colcon.colcon_core.package_identification:_identify(build) by extension 'ignore'
[0.253s] Level 1:colcon.colcon_core.package_identification:_identify(build) ignored
[0.254s] Level 1:colcon.colcon_core.package_identification:_identify(install) by extensions ['ignore', 'ignore_ament_install']
[0.254s] Level 1:colcon.colcon_core.package_identification:_identify(install) by extension 'ignore'
[0.254s] Level 1:colcon.colcon_core.package_identification:_identify(install) ignored
[0.254s] Level 1:colcon.colcon_core.package_identification:_identify(log) by extensions ['ignore', 'ignore_ament_install']
[0.254s] Level 1:colcon.colcon_core.package_identification:_identify(log) by extension 'ignore'
[0.254s] Level 1:colcon.colcon_core.package_identification:_identify(log) ignored
[0.254s] Level 1:colcon.colcon_core.package_discovery:discover_packages(recursive) using defaults
[0.254s] Level 1:colcon.colcon_core.package_discovery:discover_packages(ignore) discover
[0.254s] Level 1:colcon.colcon_core.package_discovery:discover_packages(ignore) using defaults
[0.254s] Level 1:colcon.colcon_core.package_discovery:discover_packages(path) discover
[0.254s] Level 1:colcon.colcon_core.package_discovery:discover_packages(path) using defaults
[0.272s] Level 5:colcon.colcon_core.verb:set package 'auv_interfaces' build argument 'cmake_args' from command line to 'None'
[0.272s] Level 5:colcon.colcon_core.verb:set package 'auv_interfaces' build argument 'cmake_target' from command line to 'None'
[0.272s] Level 5:colcon.colcon_core.verb:set package 'auv_interfaces' build argument 'cmake_target_skip_unavailable' from command line to 'False'
[0.272s] Level 5:colcon.colcon_core.verb:set package 'auv_interfaces' build argument 'cmake_clean_cache' from command line to 'False'
[0.272s] Level 5:colcon.colcon_core.verb:set package 'auv_interfaces' build argument 'cmake_clean_first' from command line to 'False'
[0.272s] Level 5:colcon.colcon_core.verb:set package 'auv_interfaces' build argument 'cmake_force_configure' from command line to 'False'
[0.272s] Level 5:colcon.colcon_core.verb:set package 'auv_interfaces' build argument 'ament_cmake_args' from command line to 'None'
[0.272s] Level 5:colcon.colcon_core.verb:set package 'auv_interfaces' build argument 'catkin_cmake_args' from command line to 'None'
[0.272s] Level 5:colcon.colcon_core.verb:set package 'auv_interfaces' build argument 'catkin_skip_building_tests' from command line to 'False'
[0.272s] DEBUG:colcon.colcon_core.verb:Building package 'auv_interfaces' with the following arguments: {'ament_cmake_args': None, 'build_base': '/ros_workspace/src/build/auv_interfaces', 'catkin_cmake_args': None, 'catkin_skip_building_tests': False, 'cmake_args': None, 'cmake_clean_cache': False, 'cmake_clean_first': False, 'cmake_force_configure': False, 'cmake_target': None, 'cmake_target_skip_unavailable': False, 'install_base': '/ros_workspace/src/install/auv_interfaces', 'merge_install': False, 'path': '/ros_workspace/src/auv_interfaces', 'symlink_install': False, 'test_result_base': None}
[0.272s] Level 5:colcon.colcon_core.verb:set package 'auv_recruitment' build argument 'cmake_args' from command line to 'None'
[0.272s] Level 5:colcon.colcon_core.verb:set package 'auv_recruitment' build argument 'cmake_target' from command line to 'None'
[0.272s] Level 5:colcon.colcon_core.verb:set package 'auv_recruitment' build argument 'cmake_target_skip_unavailable' from command line to 'False'
[0.272s] Level 5:colcon.colcon_core.verb:set package 'auv_recruitment' build argument 'cmake_clean_cache' from command line to 'False'
[0.272s] Level 5:colcon.colcon_core.verb:set package 'auv_recruitment' build argument 'cmake_clean_first' from command line to 'False'
[0.272s] Level 5:colcon.colcon_core.verb:set package 'auv_recruitment' build argument 'cmake_force_configure' from command line to 'False'
[0.272s] Level 5:colcon.colcon_core.verb:set package 'auv_recruitment' build argument 'ament_cmake_args' from command line to 'None'
[0.272s] Level 5:colcon.colcon_core.verb:set package 'auv_recruitment' build argument 'catkin_cmake_args' from command line to 'None'
[0.272s] Level 5:colcon.colcon_core.verb:set package 'auv_recruitment' build argument 'catkin_skip_building_tests' from command line to 'False'
[0.272s] DEBUG:colcon.colcon_core.verb:Building package 'auv_recruitment' with the following arguments: {'ament_cmake_args': None, 'build_base': '/ros_workspace/src/build/auv_recruitment', 'catkin_cmake_args': None, 'catkin_skip_building_tests': False, 'cmake_args': None, 'cmake_clean_cache': False, 'cmake_clean_first': False, 'cmake_force_configure': False, 'cmake_target': None, 'cmake_target_skip_unavailable': False, 'install_base': '/ros_workspace/src/install/auv_recruitment', 'merge_install': False, 'path': '/ros_workspace/src/auv_recruitment', 'symlink_install': False, 'test_result_base': None}
[0.273s] INFO:colcon.colcon_core.executor:Executing jobs using 'parallel' executor
[0.274s] DEBUG:colcon.colcon_parallel_executor.executor.parallel:run_until_complete
[0.274s] INFO:colcon.colcon_ros.task.ament_cmake.build:Building ROS package in '/ros_workspace/src/auv_interfaces' with build type 'ament_cmake'
[0.274s] INFO:colcon.colcon_cmake.task.cmake.build:Building CMake package in '/ros_workspace/src/auv_interfaces'
[0.276s] INFO:colcon.colcon_core.plugin_system:Skipping extension 'colcon_core.shell.bat': Not used on non-Windows systems
[0.276s] INFO:colcon.colcon_core.shell:Skip shell extension 'powershell' for command environment: Not usable outside of PowerShell
[0.276s] DEBUG:colcon.colcon_core.shell:Skip shell extension 'dsv' for command environment
[0.281s] INFO:colcon.colcon_ros.task.ament_python.build:Building ROS package in '/ros_workspace/src/auv_recruitment' with build type 'ament_python'
[0.281s] Level 1:colcon.colcon_core.shell:create_environment_hook('auv_recruitment', 'ament_prefix_path')
[0.282s] INFO:colcon.colcon_core.shell:Creating environment hook '/ros_workspace/src/install/auv_recruitment/share/auv_recruitment/hook/ament_prefix_path.ps1'
[0.282s] INFO:colcon.colcon_core.shell:Creating environment descriptor '/ros_workspace/src/install/auv_recruitment/share/auv_recruitment/hook/ament_prefix_path.dsv'
[0.283s] INFO:colcon.colcon_core.shell:Creating environment hook '/ros_workspace/src/install/auv_recruitment/share/auv_recruitment/hook/ament_prefix_path.sh'
[0.284s] INFO:colcon.colcon_core.shell:Skip shell extension 'powershell' for command environment: Not usable outside of PowerShell
[0.284s] DEBUG:colcon.colcon_core.shell:Skip shell extension 'dsv' for command environment
[0.294s] DEBUG:colcon.colcon_core.event_handler.log_command:Invoking command in '/ros_workspace/src/build/auv_interfaces': CMAKE_PREFIX_PATH=${CMAKE_PREFIX_PATH}:/ros_workspace/src/install/auv_recruitment:/opt/ros/humble /usr/bin/cmake --build /ros_workspace/src/build/auv_interfaces -- -j12 -l12
[0.541s] INFO:colcon.colcon_core.task.python.build:Building Python package in '/ros_workspace/src/auv_recruitment'
[0.542s] INFO:colcon.colcon_core.shell:Skip shell extension 'powershell' for command environment: Not usable outside of PowerShell
[0.542s] DEBUG:colcon.colcon_core.shell:Skip shell extension 'dsv' for command environment
[0.637s] DEBUG:colcon.colcon_core.event_handler.log_command:Invoked command in '/ros_workspace/src/build/auv_interfaces' returned '0': CMAKE_PREFIX_PATH=${CMAKE_PREFIX_PATH}:/ros_workspace/src/install/auv_recruitment:/opt/ros/humble /usr/bin/cmake --build /ros_workspace/src/build/auv_interfaces -- -j12 -l12
[0.649s] DEBUG:colcon.colcon_core.event_handler.log_command:Invoking command in '/ros_workspace/src/build/auv_interfaces': CMAKE_PREFIX_PATH=${CMAKE_PREFIX_PATH}:/ros_workspace/src/install/auv_recruitment:/opt/ros/humble /usr/bin/cmake --install /ros_workspace/src/build/auv_interfaces
[0.711s] Level 1:colcon.colcon_core.environment:create_environment_scripts_only(auv_interfaces)
[0.711s] DEBUG:colcon.colcon_core.event_handler.log_command:Invoked command in '/ros_workspace/src/build/auv_interfaces' returned '0': CMAKE_PREFIX_PATH=${CMAKE_PREFIX_PATH}:/ros_workspace/src/install/auv_recruitment:/opt/ros/humble /usr/bin/cmake --install /ros_workspace/src/build/auv_interfaces
[0.713s] Level 1:colcon.colcon_core.environment:checking '/ros_workspace/src/install/auv_interfaces' for CMake module files
[0.714s] Level 1:colcon.colcon_core.environment:checking '/ros_workspace/src/install/auv_interfaces' for CMake config files
[0.714s] Level 1:colcon.colcon_core.shell:create_environment_hook('auv_interfaces', 'cmake_prefix_path')
[0.714s] INFO:colcon.colcon_core.shell:Creating environment hook '/ros_workspace/src/install/auv_interfaces/share/auv_interfaces/hook/cmake_prefix_path.ps1'
[0.715s] INFO:colcon.colcon_core.shell:Creating environment descriptor '/ros_workspace/src/install/auv_interfaces/share/auv_interfaces/hook/cmake_prefix_path.dsv'
[0.715s] INFO:colcon.colcon_core.shell:Creating environment hook '/ros_workspace/src/install/auv_interfaces/share/auv_interfaces/hook/cmake_prefix_path.sh'
[0.716s] Level 1:colcon.colcon_core.environment:checking '/ros_workspace/src/install/auv_interfaces/lib'
[0.716s] Level 1:colcon.colcon_core.shell:create_environment_hook('auv_interfaces', 'ld_library_path_lib')
[0.716s] INFO:colcon.colcon_core.shell:Creating environment hook '/ros_workspace/src/install/auv_interfaces/share/auv_interfaces/hook/ld_library_path_lib.ps1'
[0.717s] INFO:colcon.colcon_core.shell:Creating environment descriptor '/ros_workspace/src/install/auv_interfaces/share/auv_interfaces/hook/ld_library_path_lib.dsv'
[0.717s] INFO:colcon.colcon_core.shell:Creating environment hook '/ros_workspace/src/install/auv_interfaces/share/auv_interfaces/hook/ld_library_path_lib.sh'
[0.717s] Level 1:colcon.colcon_core.environment:checking '/ros_workspace/src/install/auv_interfaces/bin'
[0.717s] Level 1:colcon.colcon_core.environment:checking '/ros_workspace/src/install/auv_interfaces/lib/pkgconfig/auv_interfaces.pc'
[0.718s] Level 1:colcon.colcon_core.environment:checking '/ros_workspace/src/install/auv_interfaces/lib/python3.10/site-packages'
[0.718s] Level 1:colcon.colcon_core.environment:checking '/ros_workspace/src/install/auv_interfaces/bin'
[0.718s] INFO:colcon.colcon_core.shell:Creating package script '/ros_workspace/src/install/auv_interfaces/share/auv_interfaces/package.ps1'
[0.719s] INFO:colcon.colcon_core.shell:Creating package descriptor '/ros_workspace/src/install/auv_interfaces/share/auv_interfaces/package.dsv'
[0.720s] INFO:colcon.colcon_core.shell:Creating package script '/ros_workspace/src/install/auv_interfaces/share/auv_interfaces/package.sh'
[0.720s] INFO:colcon.colcon_core.shell:Creating package script '/ros_workspace/src/install/auv_interfaces/share/auv_interfaces/package.bash'
[0.721s] INFO:colcon.colcon_core.shell:Creating package script '/ros_workspace/src/install/auv_interfaces/share/auv_interfaces/package.zsh'
[0.721s] Level 1:colcon.colcon_core.environment:create_file_with_runtime_dependencies(/ros_workspace/src/install/auv_interfaces/share/colcon-core/packages/auv_interfaces)
[0.722s] Level 1:colcon.colcon_core.environment:create_environment_scripts_only(auv_interfaces)
[0.722s] Level 1:colcon.colcon_core.environment:checking '/ros_workspace/src/install/auv_interfaces' for CMake module files
[0.723s] Level 1:colcon.colcon_core.environment:checking '/ros_workspace/src/install/auv_interfaces' for CMake config files
[0.723s] Level 1:colcon.colcon_core.shell:create_environment_hook('auv_interfaces', 'cmake_prefix_path')
[0.723s] INFO:colcon.colcon_core.shell:Creating environment hook '/ros_workspace/src/install/auv_interfaces/share/auv_interfaces/hook/cmake_prefix_path.ps1'
[0.724s] INFO:colcon.colcon_core.shell:Creating environment descriptor '/ros_workspace/src/install/auv_interfaces/share/auv_interfaces/hook/cmake_prefix_path.dsv'
[0.724s] INFO:colcon.colcon_core.shell:Creating environment hook '/ros_workspace/src/install/auv_interfaces/share/auv_interfaces/hook/cmake_prefix_path.sh'
[0.724s] Level 1:colcon.colcon_core.environment:checking '/ros_workspace/src/install/auv_interfaces/lib'
[0.725s] Level 1:colcon.colcon_core.shell:create_environment_hook('auv_interfaces', 'ld_library_path_lib')
[0.725s] INFO:colcon.colcon_core.shell:Creating environment hook '/ros_workspace/src/install/auv_interfaces/share/auv_interfaces/hook/ld_library_path_lib.ps1'
[0.725s] INFO:colcon.colcon_core.shell:Creating environment descriptor '/ros_workspace/src/install/auv_interfaces/share/auv_interfaces/hook/ld_library_path_lib.dsv'
[0.726s] INFO:colcon.colcon_core.shell:Creating environment hook '/ros_workspace/src/install/auv_interfaces/share/auv_interfaces/hook/ld_library_path_lib.sh'
[0.728s] Level 1:colcon.colcon_core.environment:checking '/ros_workspace/src/install/auv_interfaces/bin'
[0.728s] Level 1:colcon.colcon_core.environment:checking '/ros_workspace/src/install/auv_interfaces/lib/pkgconfig/auv_interfaces.pc'
[0.728s] Level 1:colcon.colcon_core.environment:checking '/ros_workspace/src/install/auv_interfaces/lib/python3.10/site-packages'
[0.728s] Level 1:colcon.colcon_core.environment:checking '/ros_workspace/src/install/auv_interfaces/bin'
[0.728s] INFO:colcon.colcon_core.shell:Creating package script '/ros_workspace/src/install/auv_interfaces/share/auv_interfaces/package.ps1'
[0.729s] INFO:colcon.colcon_core.shell:Creating package descriptor '/ros_workspace/src/install/auv_interfaces/share/auv_interfaces/package.dsv'
[0.730s] INFO:colcon.colcon_core.shell:Creating package script '/ros_workspace/src/install/auv_interfaces/share/auv_interfaces/package.sh'
[0.730s] INFO:colcon.colcon_core.shell:Creating package script '/ros_workspace/src/install/auv_interfaces/share/auv_interfaces/package.bash'
[0.730s] INFO:colcon.colcon_core.shell:Creating package script '/ros_workspace/src/install/auv_interfaces/share/auv_interfaces/package.zsh'
[0.731s] Level 1:colcon.colcon_core.environment:create_file_with_runtime_dependencies(/ros_workspace/src/install/auv_interfaces/share/colcon-core/packages/auv_interfaces)
[0.893s] DEBUG:colcon.colcon_core.event_handler.log_command:Invoking command in '/ros_workspace/src/auv_recruitment': PYTHONPATH=/ros_workspace/src/build/auv_recruitment/prefix_override:/usr/lib/python3/dist-packages/colcon_core/task/python/colcon_distutils_commands:/ros_workspace/src/install/auv_recruitment/lib/python3.10/site-packages:${PYTHONPATH} /usr/bin/python3 -W ignore:setup.py install is deprecated -W ignore:easy_install command is deprecated setup.py egg_info --egg-base ../build/auv_recruitment build --build-base /ros_workspace/src/build/auv_recruitment/build install --record /ros_workspace/src/build/auv_recruitment/install.log --single-version-externally-managed install_data
[1.150s] Level 1:colcon.colcon_core.environment:checking '/ros_workspace/src/install/auv_recruitment' for CMake module files
[1.151s] DEBUG:colcon.colcon_core.event_handler.log_command:Invoked command in '/ros_workspace/src/auv_recruitment' returned '0': PYTHONPATH=/ros_workspace/src/build/auv_recruitment/prefix_override:/usr/lib/python3/dist-packages/colcon_core/task/python/colcon_distutils_commands:/ros_workspace/src/install/auv_recruitment/lib/python3.10/site-packages:${PYTHONPATH} /usr/bin/python3 -W ignore:setup.py install is deprecated -W ignore:easy_install command is deprecated setup.py egg_info --egg-base ../build/auv_recruitment build --build-base /ros_workspace/src/build/auv_recruitment/build install --record /ros_workspace/src/build/auv_recruitment/install.log --single-version-externally-managed install_data
[1.151s] Level 1:colcon.colcon_core.environment:checking '/ros_workspace/src/install/auv_recruitment' for CMake config files
[1.152s] Level 1:colcon.colcon_core.environment:checking '/ros_workspace/src/install/auv_recruitment/lib'
[1.152s] Level 1:colcon.colcon_core.environment:checking '/ros_workspace/src/install/auv_recruitment/bin'
[1.152s] Level 1:colcon.colcon_core.environment:checking '/ros_workspace/src/install/auv_recruitment/lib/pkgconfig/auv_recruitment.pc'
[1.152s] Level 1:colcon.colcon_core.environment:checking '/ros_workspace/src/install/auv_recruitment/lib/python3.10/site-packages'
[1.152s] Level 1:colcon.colcon_core.shell:create_environment_hook('auv_recruitment', 'pythonpath')
[1.152s] INFO:colcon.colcon_core.shell:Creating environment hook '/ros_workspace/src/install/auv_recruitment/share/auv_recruitment/hook/pythonpath.ps1'
[1.153s] INFO:colcon.colcon_core.shell:Creating environment descriptor '/ros_workspace/src/install/auv_recruitment/share/auv_recruitment/hook/pythonpath.dsv'
[1.153s] INFO:colcon.colcon_core.shell:Creating environment hook '/ros_workspace/src/install/auv_recruitment/share/auv_recruitment/hook/pythonpath.sh'
[1.154s] Level 1:colcon.colcon_core.environment:checking '/ros_workspace/src/install/auv_recruitment/bin'
[1.154s] Level 1:colcon.colcon_core.environment:create_environment_scripts_only(auv_recruitment)
[1.154s] INFO:colcon.colcon_core.shell:Creating package script '/ros_workspace/src/install/auv_recruitment/share/auv_recruitment/package.ps1'
[1.154s] INFO:colcon.colcon_core.shell:Creating package descriptor '/ros_workspace/src/install/auv_recruitment/share/auv_recruitment/package.dsv'
[1.155s] INFO:colcon.colcon_core.shell:Creating package script '/ros_workspace/src/install/auv_recruitment/share/auv_recruitment/package.sh'
[1.155s] INFO:colcon.colcon_core.shell:Creating package script '/ros_workspace/src/install/auv_recruitment/share/auv_recruitment/package.bash'
[1.155s] INFO:colcon.colcon_core.shell:Creating package script '/ros_workspace/src/install/auv_recruitment/share/auv_recruitment/package.zsh'
[1.156s] Level 1:colcon.colcon_core.environment:create_file_with_runtime_dependencies(/ros_workspace/src/install/auv_recruitment/share/colcon-core/packages/auv_recruitment)
[1.156s] DEBUG:colcon.colcon_parallel_executor.executor.parallel:closing loop
[1.156s] DEBUG:colcon.colcon_parallel_executor.executor.parallel:loop closed
[1.156s] DEBUG:colcon.colcon_parallel_executor.executor.parallel:run_until_complete finished with '0'
[1.156s] DEBUG:colcon.colcon_core.event_reactor:joining thread
[1.179s] INFO:colcon.colcon_core.plugin_system:Skipping extension 'colcon_notification.desktop_notification.notify_send': Could not find 'notify-send'
[1.179s] INFO:colcon.colcon_core.plugin_system:Skipping extension 'colcon_notification.desktop_notification.terminal_notifier': Not used on non-Darwin systems
[1.179s] INFO:colcon.colcon_core.plugin_system:Skipping extension 'colcon_notification.desktop_notification.win32': Not used on non-Windows systems
[1.179s] INFO:colcon.colcon_notification.desktop_notification:Sending desktop notification using 'notify2'
[1.183s] DEBUG:colcon.colcon_notification.desktop_notification.notify2:Failed to initialize notify2: org.freedesktop.DBus.Error.Spawn.ExecFailed: /usr/bin/dbus-launch terminated abnormally without any error message
[1.184s] DEBUG:colcon.colcon_core.event_reactor:joined thread
[1.184s] INFO:colcon.colcon_core.shell:Creating prefix script '/ros_workspace/src/install/local_setup.ps1'
[1.185s] INFO:colcon.colcon_core.shell:Creating prefix util module '/ros_workspace/src/install/_local_setup_util_ps1.py'
[1.187s] INFO:colcon.colcon_core.shell:Creating prefix chain script '/ros_workspace/src/install/setup.ps1'
[1.188s] INFO:colcon.colcon_core.shell:Creating prefix script '/ros_workspace/src/install/local_setup.sh'
[1.189s] INFO:colcon.colcon_core.shell:Creating prefix util module '/ros_workspace/src/install/_local_setup_util_sh.py'
[1.189s] INFO:colcon.colcon_core.shell:Creating prefix chain script '/ros_workspace/src/install/setup.sh'
[1.190s] INFO:colcon.colcon_core.shell:Creating prefix script '/ros_workspace/src/install/local_setup.bash'
[1.191s] INFO:colcon.colcon_core.shell:Creating prefix chain script '/ros_workspace/src/install/setup.bash'
[1.192s] INFO:colcon.colcon_core.shell:Creating prefix script '/ros_workspace/src/install/local_setup.zsh'
[1.193s] INFO:colcon.colcon_core.shell:Creating prefix chain script '/ros_workspace/src/install/setup.zsh'
