[35m[1mConsolidate compiler generated dependencies of target auv_interfaces__rosidl_generator_c[0m
[  6%] Built target auv_interfaces__cpp
[  6%] Built target auv_interfaces__rs
[ 15%] Built target auv_interfaces__rosidl_generator_c
[ 15%] Built target ament_cmake_python_copy_auv_interfaces
[35m[1mConsolidate compiler generated dependencies of target auv_interfaces__rosidl_typesupport_introspection_cpp[0m
[35m[1mConsolidate compiler generated dependencies of target auv_interfaces__rosidl_typesupport_cpp[0m
[35m[1mConsolidate compiler generated dependencies of target auv_interfaces__rosidl_typesupport_fastrtps_cpp[0m
[35m[1mConsolidate compiler generated dependencies of target auv_interfaces__rosidl_typesupport_c[0m
[35m[1mConsolidate compiler generated dependencies of target auv_interfaces__rosidl_typesupport_fastrtps_c[0m
[35m[1mConsolidate compiler generated dependencies of target auv_interfaces__rosidl_typesupport_introspection_c[0m
[ 25%] Built target auv_interfaces__rosidl_typesupport_cpp
[ 37%] Built target auv_interfaces__rosidl_typesupport_c
[ 43%] Built target auv_interfaces__rosidl_typesupport_introspection_cpp
[ 53%] Built target auv_interfaces__rosidl_typesupport_fastrtps_cpp
[ 62%] Built target auv_interfaces__rosidl_typesupport_introspection_c
[ 71%] Built target auv_interfaces__rosidl_typesupport_fastrtps_c
[ 71%] Built target auv_interfaces
[ 75%] Built target auv_interfaces__py
[35m[1mConsolidate compiler generated dependencies of target auv_interfaces__rosidl_generator_py[0m
[ 81%] Built target auv_interfaces__rosidl_generator_py
[35m[1mConsolidate compiler generated dependencies of target auv_interfaces__rosidl_typesupport_c__pyext[0m
[35m[1mConsolidate compiler generated dependencies of target auv_interfaces__rosidl_typesupport_introspection_c__pyext[0m
[35m[1mConsolidate compiler generated dependencies of target auv_interfaces__rosidl_typesupport_fastrtps_c__pyext[0m
[ 96%] Built target auv_interfaces__rosidl_typesupport_introspection_c__pyext
[ 96%] Built target auv_interfaces__rosidl_typesupport_fastrtps_c__pyext
[100%] Built target auv_interfaces__rosidl_typesupport_c__pyext
running egg_info
writing auv_interfaces.egg-info/PKG-INFO
writing dependency_links to auv_interfaces.egg-info/dependency_links.txt
writing top-level names to auv_interfaces.egg-info/top_level.txt
reading manifest file 'auv_interfaces.egg-info/SOURCES.txt'
writing manifest file 'auv_interfaces.egg-info/SOURCES.txt'
[100%] Built target ament_cmake_python_build_auv_interfaces_egg
-- Install configuration: ""
-- Up-to-date: /ros_workspace/src/install/auv_interfaces/share/ament_index/resource_index/rosidl_interfaces/auv_interfaces
-- Up-to-date: /ros_workspace/src/install/auv_interfaces/include/auv_interfaces/auv_interfaces
-- Up-to-date: /ros_workspace/src/install/auv_interfaces/include/auv_interfaces/auv_interfaces/msg
-- Up-to-date: /ros_workspace/src/install/auv_interfaces/include/auv_interfaces/auv_interfaces/msg/rosidl_generator_c__visibility_control.h
-- Up-to-date: /ros_workspace/src/install/auv_interfaces/include/auv_interfaces/auv_interfaces/msg/bot_pose.h
-- Up-to-date: /ros_workspace/src/install/auv_interfaces/include/auv_interfaces/auv_interfaces/msg/detail
-- Up-to-date: /ros_workspace/src/install/auv_interfaces/include/auv_interfaces/auv_interfaces/msg/detail/bot_pose__struct.h
-- Up-to-date: /ros_workspace/src/install/auv_interfaces/include/auv_interfaces/auv_interfaces/msg/detail/bot_pose__type_support.h
-- Up-to-date: /ros_workspace/src/install/auv_interfaces/include/auv_interfaces/auv_interfaces/msg/detail/bot_pose__functions.h
-- Up-to-date: /ros_workspace/src/install/auv_interfaces/include/auv_interfaces/auv_interfaces/msg/detail/bot_pose__functions.c
-- Up-to-date: /ros_workspace/src/install/auv_interfaces/share/auv_interfaces/environment/library_path.sh
-- Up-to-date: /ros_workspace/src/install/auv_interfaces/share/auv_interfaces/environment/library_path.dsv
-- Up-to-date: /ros_workspace/src/install/auv_interfaces/lib/libauv_interfaces__rosidl_generator_c.so
-- Up-to-date: /ros_workspace/src/install/auv_interfaces/include/auv_interfaces/auv_interfaces
-- Up-to-date: /ros_workspace/src/install/auv_interfaces/include/auv_interfaces/auv_interfaces/msg
-- Up-to-date: /ros_workspace/src/install/auv_interfaces/include/auv_interfaces/auv_interfaces/msg/detail
-- Up-to-date: /ros_workspace/src/install/auv_interfaces/include/auv_interfaces/auv_interfaces/msg/detail/bot_pose__rosidl_typesupport_fastrtps_c.h
-- Up-to-date: /ros_workspace/src/install/auv_interfaces/include/auv_interfaces/auv_interfaces/msg/rosidl_typesupport_fastrtps_c__visibility_control.h
-- Up-to-date: /ros_workspace/src/install/auv_interfaces/lib/libauv_interfaces__rosidl_typesupport_fastrtps_c.so
-- Up-to-date: /ros_workspace/src/install/auv_interfaces/include/auv_interfaces/auv_interfaces
-- Up-to-date: /ros_workspace/src/install/auv_interfaces/include/auv_interfaces/auv_interfaces/msg
-- Up-to-date: /ros_workspace/src/install/auv_interfaces/include/auv_interfaces/auv_interfaces/msg/rosidl_typesupport_introspection_c__visibility_control.h
-- Up-to-date: /ros_workspace/src/install/auv_interfaces/include/auv_interfaces/auv_interfaces/msg/detail
-- Up-to-date: /ros_workspace/src/install/auv_interfaces/include/auv_interfaces/auv_interfaces/msg/detail/bot_pose__rosidl_typesupport_introspection_c.h
-- Up-to-date: /ros_workspace/src/install/auv_interfaces/include/auv_interfaces/auv_interfaces/msg/detail/bot_pose__type_support.c
-- Up-to-date: /ros_workspace/src/install/auv_interfaces/lib/libauv_interfaces__rosidl_typesupport_introspection_c.so
-- Up-to-date: /ros_workspace/src/install/auv_interfaces/lib/libauv_interfaces__rosidl_typesupport_c.so
-- Up-to-date: /ros_workspace/src/install/auv_interfaces/include/auv_interfaces/auv_interfaces
-- Up-to-date: /ros_workspace/src/install/auv_interfaces/include/auv_interfaces/auv_interfaces/msg
-- Up-to-date: /ros_workspace/src/install/auv_interfaces/include/auv_interfaces/auv_interfaces/msg/bot_pose.hpp
-- Up-to-date: /ros_workspace/src/install/auv_interfaces/include/auv_interfaces/auv_interfaces/msg/rosidl_generator_cpp__visibility_control.hpp
-- Up-to-date: /ros_workspace/src/install/auv_interfaces/include/auv_interfaces/auv_interfaces/msg/detail
-- Up-to-date: /ros_workspace/src/install/auv_interfaces/include/auv_interfaces/auv_interfaces/msg/detail/bot_pose__traits.hpp
-- Up-to-date: /ros_workspace/src/install/auv_interfaces/include/auv_interfaces/auv_interfaces/msg/detail/bot_pose__builder.hpp
-- Up-to-date: /ros_workspace/src/install/auv_interfaces/include/auv_interfaces/auv_interfaces/msg/detail/bot_pose__struct.hpp
-- Up-to-date: /ros_workspace/src/install/auv_interfaces/include/auv_interfaces/auv_interfaces/msg/detail/bot_pose__type_support.hpp
-- Up-to-date: /ros_workspace/src/install/auv_interfaces/include/auv_interfaces/auv_interfaces
-- Up-to-date: /ros_workspace/src/install/auv_interfaces/include/auv_interfaces/auv_interfaces/msg
-- Up-to-date: /ros_workspace/src/install/auv_interfaces/include/auv_interfaces/auv_interfaces/msg/rosidl_typesupport_fastrtps_cpp__visibility_control.h
-- Up-to-date: /ros_workspace/src/install/auv_interfaces/include/auv_interfaces/auv_interfaces/msg/detail
-- Up-to-date: /ros_workspace/src/install/auv_interfaces/include/auv_interfaces/auv_interfaces/msg/detail/dds_fastrtps
-- Up-to-date: /ros_workspace/src/install/auv_interfaces/include/auv_interfaces/auv_interfaces/msg/detail/bot_pose__rosidl_typesupport_fastrtps_cpp.hpp
-- Up-to-date: /ros_workspace/src/install/auv_interfaces/lib/libauv_interfaces__rosidl_typesupport_fastrtps_cpp.so
-- Up-to-date: /ros_workspace/src/install/auv_interfaces/include/auv_interfaces/auv_interfaces
-- Up-to-date: /ros_workspace/src/install/auv_interfaces/include/auv_interfaces/auv_interfaces/msg
-- Up-to-date: /ros_workspace/src/install/auv_interfaces/include/auv_interfaces/auv_interfaces/msg/detail
-- Up-to-date: /ros_workspace/src/install/auv_interfaces/include/auv_interfaces/auv_interfaces/msg/detail/bot_pose__rosidl_typesupport_introspection_cpp.hpp
-- Up-to-date: /ros_workspace/src/install/auv_interfaces/include/auv_interfaces/auv_interfaces/msg/detail/bot_pose__type_support.cpp
-- Up-to-date: /ros_workspace/src/install/auv_interfaces/lib/libauv_interfaces__rosidl_typesupport_introspection_cpp.so
-- Up-to-date: /ros_workspace/src/install/auv_interfaces/lib/libauv_interfaces__rosidl_typesupport_cpp.so
-- Up-to-date: /ros_workspace/src/install/auv_interfaces/share/auv_interfaces/environment/pythonpath.sh
-- Up-to-date: /ros_workspace/src/install/auv_interfaces/share/auv_interfaces/environment/pythonpath.dsv
-- Up-to-date: /ros_workspace/src/install/auv_interfaces/local/lib/python3.10/dist-packages/auv_interfaces-0.0.0-py3.10.egg-info
-- Installing: /ros_workspace/src/install/auv_interfaces/local/lib/python3.10/dist-packages/auv_interfaces-0.0.0-py3.10.egg-info/dependency_links.txt
-- Installing: /ros_workspace/src/install/auv_interfaces/local/lib/python3.10/dist-packages/auv_interfaces-0.0.0-py3.10.egg-info/PKG-INFO
-- Installing: /ros_workspace/src/install/auv_interfaces/local/lib/python3.10/dist-packages/auv_interfaces-0.0.0-py3.10.egg-info/top_level.txt
-- Installing: /ros_workspace/src/install/auv_interfaces/local/lib/python3.10/dist-packages/auv_interfaces-0.0.0-py3.10.egg-info/SOURCES.txt
-- Up-to-date: /ros_workspace/src/install/auv_interfaces/local/lib/python3.10/dist-packages/auv_interfaces
-- Up-to-date: /ros_workspace/src/install/auv_interfaces/local/lib/python3.10/dist-packages/auv_interfaces/libauv_interfaces__rosidl_generator_py.so
-- Up-to-date: /ros_workspace/src/install/auv_interfaces/local/lib/python3.10/dist-packages/auv_interfaces/_auv_interfaces_s.ep.rosidl_typesupport_fastrtps_c.c
-- Up-to-date: /ros_workspace/src/install/auv_interfaces/local/lib/python3.10/dist-packages/auv_interfaces/auv_interfaces_s__rosidl_typesupport_c.cpython-310-x86_64-linux-gnu.so
-- Up-to-date: /ros_workspace/src/install/auv_interfaces/local/lib/python3.10/dist-packages/auv_interfaces/msg
-- Up-to-date: /ros_workspace/src/install/auv_interfaces/local/lib/python3.10/dist-packages/auv_interfaces/msg/_bot_pose_s.c
-- Up-to-date: /ros_workspace/src/install/auv_interfaces/local/lib/python3.10/dist-packages/auv_interfaces/msg/__init__.py
-- Up-to-date: /ros_workspace/src/install/auv_interfaces/local/lib/python3.10/dist-packages/auv_interfaces/msg/_bot_pose.py
-- Up-to-date: /ros_workspace/src/install/auv_interfaces/local/lib/python3.10/dist-packages/auv_interfaces/_auv_interfaces_s.ep.rosidl_typesupport_c.c
-- Up-to-date: /ros_workspace/src/install/auv_interfaces/local/lib/python3.10/dist-packages/auv_interfaces/auv_interfaces_s__rosidl_typesupport_introspection_c.cpython-310-x86_64-linux-gnu.so
-- Up-to-date: /ros_workspace/src/install/auv_interfaces/local/lib/python3.10/dist-packages/auv_interfaces/_auv_interfaces_s.ep.rosidl_typesupport_introspection_c.c
-- Up-to-date: /ros_workspace/src/install/auv_interfaces/local/lib/python3.10/dist-packages/auv_interfaces/auv_interfaces_s__rosidl_typesupport_fastrtps_c.cpython-310-x86_64-linux-gnu.so
-- Up-to-date: /ros_workspace/src/install/auv_interfaces/local/lib/python3.10/dist-packages/auv_interfaces/__init__.py
Listing '/ros_workspace/src/install/auv_interfaces/local/lib/python3.10/dist-packages/auv_interfaces'...
Listing '/ros_workspace/src/install/auv_interfaces/local/lib/python3.10/dist-packages/auv_interfaces/msg'...
-- Up-to-date: /ros_workspace/src/install/auv_interfaces/local/lib/python3.10/dist-packages/auv_interfaces/auv_interfaces_s__rosidl_typesupport_fastrtps_c.cpython-310-x86_64-linux-gnu.so
-- Up-to-date: /ros_workspace/src/install/auv_interfaces/local/lib/python3.10/dist-packages/auv_interfaces/auv_interfaces_s__rosidl_typesupport_introspection_c.cpython-310-x86_64-linux-gnu.so
-- Up-to-date: /ros_workspace/src/install/auv_interfaces/local/lib/python3.10/dist-packages/auv_interfaces/auv_interfaces_s__rosidl_typesupport_c.cpython-310-x86_64-linux-gnu.so
-- Up-to-date: /ros_workspace/src/install/auv_interfaces/lib/libauv_interfaces__rosidl_generator_py.so
-- Up-to-date: /ros_workspace/src/install/auv_interfaces/share/ament_index/resource_index/rust_packages/auv_interfaces
-- Up-to-date: /ros_workspace/src/install/auv_interfaces/share/auv_interfaces/rust
-- Up-to-date: /ros_workspace/src/install/auv_interfaces/share/auv_interfaces/rust/build.rs
-- Up-to-date: /ros_workspace/src/install/auv_interfaces/share/auv_interfaces/rust/src
-- Up-to-date: /ros_workspace/src/install/auv_interfaces/share/auv_interfaces/rust/src/msg.rs
-- Up-to-date: /ros_workspace/src/install/auv_interfaces/share/auv_interfaces/rust/src/msg
-- Up-to-date: /ros_workspace/src/install/auv_interfaces/share/auv_interfaces/rust/src/msg/rmw.rs
-- Up-to-date: /ros_workspace/src/install/auv_interfaces/share/auv_interfaces/rust/src/lib.rs
-- Up-to-date: /ros_workspace/src/install/auv_interfaces/share/auv_interfaces/rust/Cargo.toml
-- Up-to-date: /ros_workspace/src/install/auv_interfaces/share/auv_interfaces/msg/BotPose.idl
-- Up-to-date: /ros_workspace/src/install/auv_interfaces/share/auv_interfaces/msg/BotPose.msg
-- Up-to-date: /ros_workspace/src/install/auv_interfaces/share/ament_index/resource_index/package_run_dependencies/auv_interfaces
-- Up-to-date: /ros_workspace/src/install/auv_interfaces/share/ament_index/resource_index/parent_prefix_path/auv_interfaces
-- Up-to-date: /ros_workspace/src/install/auv_interfaces/share/auv_interfaces/environment/ament_prefix_path.sh
-- Up-to-date: /ros_workspace/src/install/auv_interfaces/share/auv_interfaces/environment/ament_prefix_path.dsv
-- Up-to-date: /ros_workspace/src/install/auv_interfaces/share/auv_interfaces/environment/path.sh
-- Up-to-date: /ros_workspace/src/install/auv_interfaces/share/auv_interfaces/environment/path.dsv
-- Up-to-date: /ros_workspace/src/install/auv_interfaces/share/auv_interfaces/local_setup.bash
-- Up-to-date: /ros_workspace/src/install/auv_interfaces/share/auv_interfaces/local_setup.sh
-- Up-to-date: /ros_workspace/src/install/auv_interfaces/share/auv_interfaces/local_setup.zsh
-- Up-to-date: /ros_workspace/src/install/auv_interfaces/share/auv_interfaces/local_setup.dsv
-- Installing: /ros_workspace/src/install/auv_interfaces/share/auv_interfaces/package.dsv
-- Up-to-date: /ros_workspace/src/install/auv_interfaces/share/ament_index/resource_index/packages/auv_interfaces
-- Up-to-date: /ros_workspace/src/install/auv_interfaces/share/auv_interfaces/cmake/export_auv_interfaces__rosidl_generator_cExport.cmake
-- Up-to-date: /ros_workspace/src/install/auv_interfaces/share/auv_interfaces/cmake/export_auv_interfaces__rosidl_generator_cExport-noconfig.cmake
-- Up-to-date: /ros_workspace/src/install/auv_interfaces/share/auv_interfaces/cmake/export_auv_interfaces__rosidl_typesupport_fastrtps_cExport.cmake
-- Up-to-date: /ros_workspace/src/install/auv_interfaces/share/auv_interfaces/cmake/export_auv_interfaces__rosidl_typesupport_fastrtps_cExport-noconfig.cmake
-- Up-to-date: /ros_workspace/src/install/auv_interfaces/share/auv_interfaces/cmake/auv_interfaces__rosidl_typesupport_introspection_cExport.cmake
-- Up-to-date: /ros_workspace/src/install/auv_interfaces/share/auv_interfaces/cmake/auv_interfaces__rosidl_typesupport_introspection_cExport-noconfig.cmake
-- Up-to-date: /ros_workspace/src/install/auv_interfaces/share/auv_interfaces/cmake/auv_interfaces__rosidl_typesupport_cExport.cmake
-- Up-to-date: /ros_workspace/src/install/auv_interfaces/share/auv_interfaces/cmake/auv_interfaces__rosidl_typesupport_cExport-noconfig.cmake
-- Up-to-date: /ros_workspace/src/install/auv_interfaces/share/auv_interfaces/cmake/export_auv_interfaces__rosidl_generator_cppExport.cmake
-- Up-to-date: /ros_workspace/src/install/auv_interfaces/share/auv_interfaces/cmake/export_auv_interfaces__rosidl_typesupport_fastrtps_cppExport.cmake
-- Up-to-date: /ros_workspace/src/install/auv_interfaces/share/auv_interfaces/cmake/export_auv_interfaces__rosidl_typesupport_fastrtps_cppExport-noconfig.cmake
-- Up-to-date: /ros_workspace/src/install/auv_interfaces/share/auv_interfaces/cmake/auv_interfaces__rosidl_typesupport_introspection_cppExport.cmake
-- Up-to-date: /ros_workspace/src/install/auv_interfaces/share/auv_interfaces/cmake/auv_interfaces__rosidl_typesupport_introspection_cppExport-noconfig.cmake
-- Up-to-date: /ros_workspace/src/install/auv_interfaces/share/auv_interfaces/cmake/auv_interfaces__rosidl_typesupport_cppExport.cmake
-- Up-to-date: /ros_workspace/src/install/auv_interfaces/share/auv_interfaces/cmake/auv_interfaces__rosidl_typesupport_cppExport-noconfig.cmake
-- Up-to-date: /ros_workspace/src/install/auv_interfaces/share/auv_interfaces/cmake/export_auv_interfaces__rosidl_generator_pyExport.cmake
-- Up-to-date: /ros_workspace/src/install/auv_interfaces/share/auv_interfaces/cmake/export_auv_interfaces__rosidl_generator_pyExport-noconfig.cmake
-- Up-to-date: /ros_workspace/src/install/auv_interfaces/share/auv_interfaces/cmake/rosidl_cmake-extras.cmake
-- Up-to-date: /ros_workspace/src/install/auv_interfaces/share/auv_interfaces/cmake/ament_cmake_export_include_directories-extras.cmake
-- Up-to-date: /ros_workspace/src/install/auv_interfaces/share/auv_interfaces/cmake/ament_cmake_export_libraries-extras.cmake
-- Up-to-date: /ros_workspace/src/install/auv_interfaces/share/auv_interfaces/cmake/ament_cmake_export_targets-extras.cmake
-- Up-to-date: /ros_workspace/src/install/auv_interfaces/share/auv_interfaces/cmake/rosidl_cmake_export_typesupport_targets-extras.cmake
-- Up-to-date: /ros_workspace/src/install/auv_interfaces/share/auv_interfaces/cmake/ament_cmake_export_dependencies-extras.cmake
-- Up-to-date: /ros_workspace/src/install/auv_interfaces/share/auv_interfaces/cmake/rosidl_cmake_export_typesupport_libraries-extras.cmake
-- Up-to-date: /ros_workspace/src/install/auv_interfaces/share/auv_interfaces/cmake/auv_interfacesConfig.cmake
-- Up-to-date: /ros_workspace/src/install/auv_interfaces/share/auv_interfaces/cmake/auv_interfacesConfig-version.cmake
-- Up-to-date: /ros_workspace/src/install/auv_interfaces/share/auv_interfaces/package.xml
