running egg_info
writing ../build/auv_recruitment/auv_recruitment.egg-info/PKG-INFO
writing dependency_links to ../build/auv_recruitment/auv_recruitment.egg-info/dependency_links.txt
writing entry points to ../build/auv_recruitment/auv_recruitment.egg-info/entry_points.txt
writing requirements to ../build/auv_recruitment/auv_recruitment.egg-info/requires.txt
writing top-level names to ../build/auv_recruitment/auv_recruitment.egg-info/top_level.txt
reading manifest file '../build/auv_recruitment/auv_recruitment.egg-info/SOURCES.txt'
writing manifest file '../build/auv_recruitment/auv_recruitment.egg-info/SOURCES.txt'
running build
running build_py
running install
running install_lib
running install_data
running install_egg_info
removing '/ros_workspace/src/install/auv_recruitment/lib/python3.10/site-packages/auv_recruitment-0.0.0-py3.10.egg-info' (and everything under it)
Copying ../build/auv_recruitment/auv_recruitment.egg-info to /ros_workspace/src/install/auv_recruitment/lib/python3.10/site-packages/auv_recruitment-0.0.0-py3.10.egg-info
running install_scripts
Installing task1 script to /ros_workspace/src/install/auv_recruitment/lib/auv_recruitment
Installing task2_out script to /ros_workspace/src/install/auv_recruitment/lib/auv_recruitment
Installing task2_process script to /ros_workspace/src/install/auv_recruitment/lib/auv_recruitment
Installing task2_pub script to /ros_workspace/src/install/auv_recruitment/lib/auv_recruitment
Installing task3_commander script to /ros_workspace/src/install/auv_recruitment/lib/auv_recruitment
Installing task3_navigator script to /ros_workspace/src/install/auv_recruitment/lib/auv_recruitment
Installing task4 script to /ros_workspace/src/install/auv_recruitment/lib/auv_recruitment
writing list of installed files to '/ros_workspace/src/build/auv_recruitment/install.log'
