[0.601s] Invoking command in '/ros_workspace/src/auv_recruitment': PYTHONPATH=/ros_workspace/src/build/auv_recruitment/prefix_override:/usr/lib/python3/dist-packages/colcon_core/task/python/colcon_distutils_commands:/ros_workspace/src/install/auv_recruitment/lib/python3.10/site-packages:${PYTHONPATH} /usr/bin/python3 -W ignore:setup.py install is deprecated -W ignore:easy_install command is deprecated setup.py egg_info --egg-base ../build/auv_recruitment build --build-base /ros_workspace/src/build/auv_recruitment/build install --record /ros_workspace/src/build/auv_recruitment/install.log --single-version-externally-managed install_data
[0.800s] running egg_info
[0.800s] writing ../build/auv_recruitment/auv_recruitment.egg-info/PKG-INFO
[0.800s] writing dependency_links to ../build/auv_recruitment/auv_recruitment.egg-info/dependency_links.txt
[0.801s] writing entry points to ../build/auv_recruitment/auv_recruitment.egg-info/entry_points.txt
[0.801s] writing requirements to ../build/auv_recruitment/auv_recruitment.egg-info/requires.txt
[0.801s] writing top-level names to ../build/auv_recruitment/auv_recruitment.egg-info/top_level.txt
[0.804s] reading manifest file '../build/auv_recruitment/auv_recruitment.egg-info/SOURCES.txt'
[0.805s] writing manifest file '../build/auv_recruitment/auv_recruitment.egg-info/SOURCES.txt'
[0.805s] running build
[0.805s] running build_py
[0.806s] running install
[0.807s] running install_lib
[0.809s] running install_data
[0.809s] running install_egg_info
[0.811s] removing '/ros_workspace/src/install/auv_recruitment/lib/python3.10/site-packages/auv_recruitment-0.0.0-py3.10.egg-info' (and everything under it)
[0.811s] Copying ../build/auv_recruitment/auv_recruitment.egg-info to /ros_workspace/src/install/auv_recruitment/lib/python3.10/site-packages/auv_recruitment-0.0.0-py3.10.egg-info
[0.812s] running install_scripts
[0.833s] Installing task1 script to /ros_workspace/src/install/auv_recruitment/lib/auv_recruitment
[0.833s] Installing task2_out script to /ros_workspace/src/install/auv_recruitment/lib/auv_recruitment
[0.833s] Installing task2_process script to /ros_workspace/src/install/auv_recruitment/lib/auv_recruitment
[0.834s] Installing task2_pub script to /ros_workspace/src/install/auv_recruitment/lib/auv_recruitment
[0.834s] Installing task3_commander script to /ros_workspace/src/install/auv_recruitment/lib/auv_recruitment
[0.834s] Installing task3_navigator script to /ros_workspace/src/install/auv_recruitment/lib/auv_recruitment
[0.834s] Installing task4 script to /ros_workspace/src/install/auv_recruitment/lib/auv_recruitment
[0.834s] writing list of installed files to '/ros_workspace/src/build/auv_recruitment/install.log'
[0.865s] Invoked command in '/ros_workspace/src/auv_recruitment' returned '0': PYTHONPATH=/ros_workspace/src/build/auv_recruitment/prefix_override:/usr/lib/python3/dist-packages/colcon_core/task/python/colcon_distutils_commands:/ros_workspace/src/install/auv_recruitment/lib/python3.10/site-packages:${PYTHONPATH} /usr/bin/python3 -W ignore:setup.py install is deprecated -W ignore:easy_install command is deprecated setup.py egg_info --egg-base ../build/auv_recruitment build --build-base /ros_workspace/src/build/auv_recruitment/build install --record /ros_workspace/src/build/auv_recruitment/install.log --single-version-externally-managed install_data
