running egg_info
creating ../build/auv_recruitment/auv_recruitment.egg-info
writing ../build/auv_recruitment/auv_recruitment.egg-info/PKG-INFO
writing dependency_links to ../build/auv_recruitment/auv_recruitment.egg-info/dependency_links.txt
writing entry points to ../build/auv_recruitment/auv_recruitment.egg-info/entry_points.txt
writing requirements to ../build/auv_recruitment/auv_recruitment.egg-info/requires.txt
writing top-level names to ../build/auv_recruitment/auv_recruitment.egg-info/top_level.txt
writing manifest file '../build/auv_recruitment/auv_recruitment.egg-info/SOURCES.txt'
reading manifest file '../build/auv_recruitment/auv_recruitment.egg-info/SOURCES.txt'
writing manifest file '../build/auv_recruitment/auv_recruitment.egg-info/SOURCES.txt'
running build
running build_py
creating /ros_workspace/src/build/auv_recruitment/build
creating /ros_workspace/src/build/auv_recruitment/build/lib
creating /ros_workspace/src/build/auv_recruitment/build/lib/auv_recruitment
copying auv_recruitment/task4.py -> /ros_workspace/src/build/auv_recruitment/build/lib/auv_recruitment
copying auv_recruitment/task2_process.py -> /ros_workspace/src/build/auv_recruitment/build/lib/auv_recruitment
copying auv_recruitment/task3_navigator.py -> /ros_workspace/src/build/auv_recruitment/build/lib/auv_recruitment
copying auv_recruitment/task2_out.py -> /ros_workspace/src/build/auv_recruitment/build/lib/auv_recruitment
copying auv_recruitment/task2_pub.py -> /ros_workspace/src/build/auv_recruitment/build/lib/auv_recruitment
copying auv_recruitment/task1.py -> /ros_workspace/src/build/auv_recruitment/build/lib/auv_recruitment
copying auv_recruitment/task3_commander.py -> /ros_workspace/src/build/auv_recruitment/build/lib/auv_recruitment
copying auv_recruitment/__init__.py -> /ros_workspace/src/build/auv_recruitment/build/lib/auv_recruitment
running install
running install_lib
creating /ros_workspace/src/install/auv_recruitment/lib/python3.10/site-packages/auv_recruitment
copying /ros_workspace/src/build/auv_recruitment/build/lib/auv_recruitment/task4.py -> /ros_workspace/src/install/auv_recruitment/lib/python3.10/site-packages/auv_recruitment
copying /ros_workspace/src/build/auv_recruitment/build/lib/auv_recruitment/task2_process.py -> /ros_workspace/src/install/auv_recruitment/lib/python3.10/site-packages/auv_recruitment
copying /ros_workspace/src/build/auv_recruitment/build/lib/auv_recruitment/task3_navigator.py -> /ros_workspace/src/install/auv_recruitment/lib/python3.10/site-packages/auv_recruitment
copying /ros_workspace/src/build/auv_recruitment/build/lib/auv_recruitment/task2_out.py -> /ros_workspace/src/install/auv_recruitment/lib/python3.10/site-packages/auv_recruitment
copying /ros_workspace/src/build/auv_recruitment/build/lib/auv_recruitment/task2_pub.py -> /ros_workspace/src/install/auv_recruitment/lib/python3.10/site-packages/auv_recruitment
copying /ros_workspace/src/build/auv_recruitment/build/lib/auv_recruitment/task1.py -> /ros_workspace/src/install/auv_recruitment/lib/python3.10/site-packages/auv_recruitment
copying /ros_workspace/src/build/auv_recruitment/build/lib/auv_recruitment/task3_commander.py -> /ros_workspace/src/install/auv_recruitment/lib/python3.10/site-packages/auv_recruitment
copying /ros_workspace/src/build/auv_recruitment/build/lib/auv_recruitment/__init__.py -> /ros_workspace/src/install/auv_recruitment/lib/python3.10/site-packages/auv_recruitment
byte-compiling /ros_workspace/src/install/auv_recruitment/lib/python3.10/site-packages/auv_recruitment/task4.py to task4.cpython-310.pyc
byte-compiling /ros_workspace/src/install/auv_recruitment/lib/python3.10/site-packages/auv_recruitment/task2_process.py to task2_process.cpython-310.pyc
byte-compiling /ros_workspace/src/install/auv_recruitment/lib/python3.10/site-packages/auv_recruitment/task3_navigator.py to task3_navigator.cpython-310.pyc
byte-compiling /ros_workspace/src/install/auv_recruitment/lib/python3.10/site-packages/auv_recruitment/task2_out.py to task2_out.cpython-310.pyc
byte-compiling /ros_workspace/src/install/auv_recruitment/lib/python3.10/site-packages/auv_recruitment/task2_pub.py to task2_pub.cpython-310.pyc
byte-compiling /ros_workspace/src/install/auv_recruitment/lib/python3.10/site-packages/auv_recruitment/task1.py to task1.cpython-310.pyc
byte-compiling /ros_workspace/src/install/auv_recruitment/lib/python3.10/site-packages/auv_recruitment/task3_commander.py to task3_commander.cpython-310.pyc
byte-compiling /ros_workspace/src/install/auv_recruitment/lib/python3.10/site-packages/auv_recruitment/__init__.py to __init__.cpython-310.pyc
running install_data
creating /ros_workspace/src/install/auv_recruitment/share/ament_index
creating /ros_workspace/src/install/auv_recruitment/share/ament_index/resource_index
creating /ros_workspace/src/install/auv_recruitment/share/ament_index/resource_index/packages
copying resource/auv_recruitment -> /ros_workspace/src/install/auv_recruitment/share/ament_index/resource_index/packages
copying package.xml -> /ros_workspace/src/install/auv_recruitment/share/auv_recruitment
running install_egg_info
Copying ../build/auv_recruitment/auv_recruitment.egg-info to /ros_workspace/src/install/auv_recruitment/lib/python3.10/site-packages/auv_recruitment-0.0.0-py3.10.egg-info
running install_scripts
Installing task1 script to /ros_workspace/src/install/auv_recruitment/lib/auv_recruitment
Installing task2_out script to /ros_workspace/src/install/auv_recruitment/lib/auv_recruitment
Installing task2_process script to /ros_workspace/src/install/auv_recruitment/lib/auv_recruitment
Installing task2_pub script to /ros_workspace/src/install/auv_recruitment/lib/auv_recruitment
Installing task3_commander script to /ros_workspace/src/install/auv_recruitment/lib/auv_recruitment
Installing task3_navigator script to /ros_workspace/src/install/auv_recruitment/lib/auv_recruitment
Installing task4 script to /ros_workspace/src/install/auv_recruitment/lib/auv_recruitment
writing list of installed files to '/ros_workspace/src/build/auv_recruitment/install.log'
