[0.017s] Invoking command in '/ros_workspace/src/build/auv_interfaces': CMAKE_PREFIX_PATH=${CMAKE_PREFIX_PATH}:/ros_workspace/install/auv_recruitment:/opt/ros/humble /usr/bin/cmake /ros_workspace/src/auv_interfaces -DCMAKE_INSTALL_PREFIX=/ros_workspace/src/install/auv_interfaces
[0.095s] -- The C compiler identification is GNU 11.4.0
[0.160s] -- The CXX compiler identification is GNU 11.4.0
[0.169s] -- Detecting C compiler ABI info
[0.250s] -- Detecting C compiler ABI info - done
[0.257s] -- Check for working C compiler: /usr/bin/cc - skipped
[0.257s] -- Detecting C compile features
[0.258s] -- Detecting C compile features - done
[0.262s] -- Detecting CXX compiler ABI info
[0.351s] -- Detecting CXX compiler ABI info - done
[0.358s] -- Check for working CXX compiler: /usr/bin/c++ - skipped
[0.358s] -- Detecting CXX compile features
[0.359s] -- Detecting CXX compile features - done
[0.363s] -- Found ament_cmake: 1.3.14 (/opt/ros/humble/share/ament_cmake/cmake)
[0.535s] -- Found Python3: /usr/bin/python3 (found version "3.10.12") found components: Interpreter 
[0.662s] -- Found rosidl_default_generators: 1.2.1 (/opt/ros/humble/share/rosidl_default_generators/cmake)
[0.666s] -- Using all available rosidl_typesupport_c: rosidl_typesupport_fastrtps_c;rosidl_typesupport_introspection_c
[0.677s] -- Found rosidl_adapter: 3.1.8 (/opt/ros/humble/share/rosidl_adapter/cmake)
[0.734s] -- Using all available rosidl_typesupport_cpp: rosidl_typesupport_fastrtps_cpp;rosidl_typesupport_introspection_cpp
[1.040s] -- Found ament_cmake_ros: 0.10.0 (/opt/ros/humble/share/ament_cmake_ros/cmake)
[1.234s] -- Using all available rosidl_typesupport_c: rosidl_typesupport_fastrtps_c;rosidl_typesupport_introspection_c
[1.470s] -- Using all available rosidl_typesupport_cpp: rosidl_typesupport_fastrtps_cpp;rosidl_typesupport_introspection_cpp
[1.494s] -- Found PythonInterp: /usr/bin/python3 (found suitable version "3.10.12", minimum required is "3.6") 
[1.496s] -- Found python_cmake_module: 0.10.0 (/opt/ros/humble/share/python_cmake_module/cmake)
[1.526s] -- Found PythonLibs: /usr/lib/x86_64-linux-gnu/libpython3.10.so (found suitable version "3.10.12", minimum required is "3.5") 
[1.526s] -- Using PYTHON_EXECUTABLE: /usr/bin/python3
[1.526s] -- Using PYTHON_INCLUDE_DIRS: /usr/include/python3.10
[1.526s] -- Using PYTHON_LIBRARIES: /usr/lib/x86_64-linux-gnu/libpython3.10.so
[1.547s] -- Found PythonExtra: .so  
[1.641s] -- Found ament_lint_auto: 0.12.15 (/opt/ros/humble/share/ament_lint_auto/cmake)
[1.675s] -- Added test 'lint_cmake' to check CMake code style
[1.677s] -- Added test 'xmllint' to check XML markup files
[1.680s] -- Configuring done
[1.719s] -- Generating done
[1.731s] -- Build files have been written to: /ros_workspace/src/build/auv_interfaces
[1.741s] Invoked command in '/ros_workspace/src/build/auv_interfaces' returned '0': CMAKE_PREFIX_PATH=${CMAKE_PREFIX_PATH}:/ros_workspace/install/auv_recruitment:/opt/ros/humble /usr/bin/cmake /ros_workspace/src/auv_interfaces -DCMAKE_INSTALL_PREFIX=/ros_workspace/src/install/auv_interfaces
[1.742s] Invoking command in '/ros_workspace/src/build/auv_interfaces': CMAKE_PREFIX_PATH=${CMAKE_PREFIX_PATH}:/ros_workspace/install/auv_recruitment:/opt/ros/humble /usr/bin/cmake --build /ros_workspace/src/build/auv_interfaces -- -j12 -l12
[1.787s] [  3%] [34m[1mGenerating C code for ROS interfaces[0m
[1.798s] [  9%] [34m[1mGenerating Rust code for ROS interfaces[0m
[1.798s] [  9%] [34m[1mGenerating C++ code for ROS interfaces[0m
[1.808s] [  9%] Built target ament_cmake_python_copy_auv_interfaces
[2.026s] [  9%] Built target auv_interfaces__rs
[2.031s] running egg_info
[2.032s] creating auv_interfaces.egg-info
[2.032s] writing auv_interfaces.egg-info/PKG-INFO
[2.033s] writing dependency_links to auv_interfaces.egg-info/dependency_links.txt
[2.033s] writing top-level names to auv_interfaces.egg-info/top_level.txt
[2.033s] writing manifest file 'auv_interfaces.egg-info/SOURCES.txt'
[2.036s] reading manifest file 'auv_interfaces.egg-info/SOURCES.txt'
[2.037s] writing manifest file 'auv_interfaces.egg-info/SOURCES.txt'
[2.048s] [  9%] Built target auv_interfaces__cpp
[2.049s] [ 12%] [32mBuilding C object CMakeFiles/auv_interfaces__rosidl_generator_c.dir/rosidl_generator_c/auv_interfaces/msg/detail/bot_pose__functions.c.o[0m
[2.060s] [ 21%] [34m[1mGenerating C++ type support dispatch for ROS interfaces[0m
[2.060s] [ 21%] [34m[1mGenerating C++ type support for eProsima Fast-RTPS[0m
[2.060s] [ 21%] [34m[1mGenerating C++ introspection for ROS interfaces[0m
[2.080s] [ 21%] Built target ament_cmake_python_build_auv_interfaces_egg
[2.102s] [ 25%] [32m[1mLinking C shared library libauv_interfaces__rosidl_generator_c.so[0m
[2.150s] [ 25%] Built target auv_interfaces__rosidl_generator_c
[2.162s] [ 34%] [34m[1mGenerating C type support for eProsima Fast-RTPS[0m
[2.163s] [ 34%] [34m[1mGenerating C introspection for ROS interfaces[0m
[2.163s] [ 34%] [34m[1mGenerating C type support dispatch for ROS interfaces[0m
[2.303s] [ 37%] [32mBuilding CXX object CMakeFiles/auv_interfaces__rosidl_typesupport_introspection_cpp.dir/rosidl_typesupport_introspection_cpp/auv_interfaces/msg/detail/bot_pose__type_support.cpp.o[0m
[2.324s] [ 40%] [32mBuilding CXX object CMakeFiles/auv_interfaces__rosidl_typesupport_cpp.dir/rosidl_typesupport_cpp/auv_interfaces/msg/bot_pose__type_support.cpp.o[0m
[2.354s] [ 43%] [32mBuilding CXX object CMakeFiles/auv_interfaces__rosidl_typesupport_fastrtps_cpp.dir/rosidl_typesupport_fastrtps_cpp/auv_interfaces/msg/detail/dds_fastrtps/bot_pose__type_support.cpp.o[0m
[2.422s] [ 46%] [32mBuilding CXX object CMakeFiles/auv_interfaces__rosidl_typesupport_fastrtps_c.dir/rosidl_typesupport_fastrtps_c/auv_interfaces/msg/detail/bot_pose__type_support_c.cpp.o[0m
[2.486s] [ 50%] [32mBuilding CXX object CMakeFiles/auv_interfaces__rosidl_typesupport_c.dir/rosidl_typesupport_c/auv_interfaces/msg/bot_pose__type_support.cpp.o[0m
[2.498s] [ 53%] [32mBuilding C object CMakeFiles/auv_interfaces__rosidl_typesupport_introspection_c.dir/rosidl_typesupport_introspection_c/auv_interfaces/msg/detail/bot_pose__type_support.c.o[0m
[2.527s] [ 56%] [32m[1mLinking CXX shared library libauv_interfaces__rosidl_typesupport_c.so[0m
[2.541s] [ 59%] [32m[1mLinking C shared library libauv_interfaces__rosidl_typesupport_introspection_c.so[0m
[2.577s] [ 59%] Built target auv_interfaces__rosidl_typesupport_c
[2.580s] [ 59%] Built target auv_interfaces__rosidl_typesupport_introspection_c
[2.600s] [ 62%] [32m[1mLinking CXX shared library libauv_interfaces__rosidl_typesupport_cpp.so[0m
[2.648s] [ 62%] Built target auv_interfaces__rosidl_typesupport_cpp
[2.691s] [ 65%] [32m[1mLinking CXX shared library libauv_interfaces__rosidl_typesupport_introspection_cpp.so[0m
[2.755s] [ 68%] [32m[1mLinking CXX shared library libauv_interfaces__rosidl_typesupport_fastrtps_cpp.so[0m
[2.763s] [ 71%] [32m[1mLinking CXX shared library libauv_interfaces__rosidl_typesupport_fastrtps_c.so[0m
[2.778s] [ 71%] Built target auv_interfaces__rosidl_typesupport_introspection_cpp
[2.866s] [ 71%] Built target auv_interfaces__rosidl_typesupport_fastrtps_cpp
[2.867s] [ 71%] Built target auv_interfaces__rosidl_typesupport_fastrtps_c
[2.890s] [ 71%] Built target auv_interfaces
[2.913s] [ 75%] [34m[1mGenerating Python code for ROS interfaces[0m
[3.171s] [ 75%] Built target auv_interfaces__py
[3.196s] [ 78%] [32mBuilding C object CMakeFiles/auv_interfaces__rosidl_generator_py.dir/rosidl_generator_py/auv_interfaces/msg/_bot_pose_s.c.o[0m
[3.301s] [ 81%] [32m[1mLinking C shared library rosidl_generator_py/auv_interfaces/libauv_interfaces__rosidl_generator_py.so[0m
[3.347s] [ 81%] Built target auv_interfaces__rosidl_generator_py
[3.370s] [ 87%] [32mBuilding C object CMakeFiles/auv_interfaces__rosidl_typesupport_fastrtps_c__pyext.dir/rosidl_generator_py/auv_interfaces/_auv_interfaces_s.ep.rosidl_typesupport_fastrtps_c.c.o[0m
[3.370s] [ 87%] [32mBuilding C object CMakeFiles/auv_interfaces__rosidl_typesupport_introspection_c__pyext.dir/rosidl_generator_py/auv_interfaces/_auv_interfaces_s.ep.rosidl_typesupport_introspection_c.c.o[0m
[3.370s] [ 90%] [32mBuilding C object CMakeFiles/auv_interfaces__rosidl_typesupport_c__pyext.dir/rosidl_generator_py/auv_interfaces/_auv_interfaces_s.ep.rosidl_typesupport_c.c.o[0m
[3.463s] [ 96%] [32m[1mLinking C shared library rosidl_generator_py/auv_interfaces/auv_interfaces_s__rosidl_typesupport_introspection_c.cpython-310-x86_64-linux-gnu.so[0m
[3.463s] [ 96%] [32m[1mLinking C shared library rosidl_generator_py/auv_interfaces/auv_interfaces_s__rosidl_typesupport_c.cpython-310-x86_64-linux-gnu.so[0m
[3.472s] [100%] [32m[1mLinking C shared library rosidl_generator_py/auv_interfaces/auv_interfaces_s__rosidl_typesupport_fastrtps_c.cpython-310-x86_64-linux-gnu.so[0m
[3.500s] [100%] Built target auv_interfaces__rosidl_typesupport_introspection_c__pyext
[3.500s] [100%] Built target auv_interfaces__rosidl_typesupport_c__pyext
[3.511s] [100%] Built target auv_interfaces__rosidl_typesupport_fastrtps_c__pyext
[3.527s] Invoked command in '/ros_workspace/src/build/auv_interfaces' returned '0': CMAKE_PREFIX_PATH=${CMAKE_PREFIX_PATH}:/ros_workspace/install/auv_recruitment:/opt/ros/humble /usr/bin/cmake --build /ros_workspace/src/build/auv_interfaces -- -j12 -l12
[3.538s] Invoking command in '/ros_workspace/src/build/auv_interfaces': CMAKE_PREFIX_PATH=${CMAKE_PREFIX_PATH}:/ros_workspace/install/auv_recruitment:/opt/ros/humble /usr/bin/cmake --install /ros_workspace/src/build/auv_interfaces
[3.546s] -- Install configuration: ""
[3.546s] -- Installing: /ros_workspace/src/install/auv_interfaces/share/ament_index/resource_index/rosidl_interfaces/auv_interfaces
[3.547s] -- Installing: /ros_workspace/src/install/auv_interfaces/include/auv_interfaces/auv_interfaces
[3.547s] -- Installing: /ros_workspace/src/install/auv_interfaces/include/auv_interfaces/auv_interfaces/msg
[3.547s] -- Installing: /ros_workspace/src/install/auv_interfaces/include/auv_interfaces/auv_interfaces/msg/rosidl_generator_c__visibility_control.h
[3.547s] -- Installing: /ros_workspace/src/install/auv_interfaces/include/auv_interfaces/auv_interfaces/msg/bot_pose.h
[3.547s] -- Installing: /ros_workspace/src/install/auv_interfaces/include/auv_interfaces/auv_interfaces/msg/detail
[3.548s] -- Installing: /ros_workspace/src/install/auv_interfaces/include/auv_interfaces/auv_interfaces/msg/detail/bot_pose__struct.h
[3.548s] -- Installing: /ros_workspace/src/install/auv_interfaces/include/auv_interfaces/auv_interfaces/msg/detail/bot_pose__type_support.h
[3.548s] -- Installing: /ros_workspace/src/install/auv_interfaces/include/auv_interfaces/auv_interfaces/msg/detail/bot_pose__functions.h
[3.548s] -- Installing: /ros_workspace/src/install/auv_interfaces/include/auv_interfaces/auv_interfaces/msg/detail/bot_pose__functions.c
[3.548s] -- Installing: /ros_workspace/src/install/auv_interfaces/share/auv_interfaces/environment/library_path.sh
[3.548s] -- Installing: /ros_workspace/src/install/auv_interfaces/share/auv_interfaces/environment/library_path.dsv
[3.548s] -- Installing: /ros_workspace/src/install/auv_interfaces/lib/libauv_interfaces__rosidl_generator_c.so
[3.549s] -- Set runtime path of "/ros_workspace/src/install/auv_interfaces/lib/libauv_interfaces__rosidl_generator_c.so" to ""
[3.549s] -- Up-to-date: /ros_workspace/src/install/auv_interfaces/include/auv_interfaces/auv_interfaces
[3.549s] -- Up-to-date: /ros_workspace/src/install/auv_interfaces/include/auv_interfaces/auv_interfaces/msg
[3.549s] -- Up-to-date: /ros_workspace/src/install/auv_interfaces/include/auv_interfaces/auv_interfaces/msg/detail
[3.549s] -- Installing: /ros_workspace/src/install/auv_interfaces/include/auv_interfaces/auv_interfaces/msg/detail/bot_pose__rosidl_typesupport_fastrtps_c.h
[3.549s] -- Installing: /ros_workspace/src/install/auv_interfaces/include/auv_interfaces/auv_interfaces/msg/rosidl_typesupport_fastrtps_c__visibility_control.h
[3.549s] -- Installing: /ros_workspace/src/install/auv_interfaces/lib/libauv_interfaces__rosidl_typesupport_fastrtps_c.so
[3.550s] -- Set runtime path of "/ros_workspace/src/install/auv_interfaces/lib/libauv_interfaces__rosidl_typesupport_fastrtps_c.so" to ""
[3.550s] -- Up-to-date: /ros_workspace/src/install/auv_interfaces/include/auv_interfaces/auv_interfaces
[3.550s] -- Up-to-date: /ros_workspace/src/install/auv_interfaces/include/auv_interfaces/auv_interfaces/msg
[3.550s] -- Installing: /ros_workspace/src/install/auv_interfaces/include/auv_interfaces/auv_interfaces/msg/rosidl_typesupport_introspection_c__visibility_control.h
[3.550s] -- Up-to-date: /ros_workspace/src/install/auv_interfaces/include/auv_interfaces/auv_interfaces/msg/detail
[3.550s] -- Installing: /ros_workspace/src/install/auv_interfaces/include/auv_interfaces/auv_interfaces/msg/detail/bot_pose__rosidl_typesupport_introspection_c.h
[3.550s] -- Installing: /ros_workspace/src/install/auv_interfaces/include/auv_interfaces/auv_interfaces/msg/detail/bot_pose__type_support.c
[3.550s] -- Installing: /ros_workspace/src/install/auv_interfaces/lib/libauv_interfaces__rosidl_typesupport_introspection_c.so
[3.551s] -- Set runtime path of "/ros_workspace/src/install/auv_interfaces/lib/libauv_interfaces__rosidl_typesupport_introspection_c.so" to ""
[3.551s] -- Installing: /ros_workspace/src/install/auv_interfaces/lib/libauv_interfaces__rosidl_typesupport_c.so
[3.551s] -- Set runtime path of "/ros_workspace/src/install/auv_interfaces/lib/libauv_interfaces__rosidl_typesupport_c.so" to ""
[3.551s] -- Up-to-date: /ros_workspace/src/install/auv_interfaces/include/auv_interfaces/auv_interfaces
[3.551s] -- Up-to-date: /ros_workspace/src/install/auv_interfaces/include/auv_interfaces/auv_interfaces/msg
[3.551s] -- Installing: /ros_workspace/src/install/auv_interfaces/include/auv_interfaces/auv_interfaces/msg/bot_pose.hpp
[3.552s] -- Installing: /ros_workspace/src/install/auv_interfaces/include/auv_interfaces/auv_interfaces/msg/rosidl_generator_cpp__visibility_control.hpp
[3.552s] -- Up-to-date: /ros_workspace/src/install/auv_interfaces/include/auv_interfaces/auv_interfaces/msg/detail
[3.552s] -- Installing: /ros_workspace/src/install/auv_interfaces/include/auv_interfaces/auv_interfaces/msg/detail/bot_pose__traits.hpp
[3.552s] -- Installing: /ros_workspace/src/install/auv_interfaces/include/auv_interfaces/auv_interfaces/msg/detail/bot_pose__builder.hpp
[3.552s] -- Installing: /ros_workspace/src/install/auv_interfaces/include/auv_interfaces/auv_interfaces/msg/detail/bot_pose__struct.hpp
[3.552s] -- Installing: /ros_workspace/src/install/auv_interfaces/include/auv_interfaces/auv_interfaces/msg/detail/bot_pose__type_support.hpp
[3.553s] -- Up-to-date: /ros_workspace/src/install/auv_interfaces/include/auv_interfaces/auv_interfaces
[3.553s] -- Up-to-date: /ros_workspace/src/install/auv_interfaces/include/auv_interfaces/auv_interfaces/msg
[3.553s] -- Installing: /ros_workspace/src/install/auv_interfaces/include/auv_interfaces/auv_interfaces/msg/rosidl_typesupport_fastrtps_cpp__visibility_control.h
[3.553s] -- Up-to-date: /ros_workspace/src/install/auv_interfaces/include/auv_interfaces/auv_interfaces/msg/detail
[3.553s] -- Installing: /ros_workspace/src/install/auv_interfaces/include/auv_interfaces/auv_interfaces/msg/detail/dds_fastrtps
[3.553s] -- Installing: /ros_workspace/src/install/auv_interfaces/include/auv_interfaces/auv_interfaces/msg/detail/bot_pose__rosidl_typesupport_fastrtps_cpp.hpp
[3.553s] -- Installing: /ros_workspace/src/install/auv_interfaces/lib/libauv_interfaces__rosidl_typesupport_fastrtps_cpp.so
[3.554s] -- Set runtime path of "/ros_workspace/src/install/auv_interfaces/lib/libauv_interfaces__rosidl_typesupport_fastrtps_cpp.so" to ""
[3.554s] -- Up-to-date: /ros_workspace/src/install/auv_interfaces/include/auv_interfaces/auv_interfaces
[3.554s] -- Up-to-date: /ros_workspace/src/install/auv_interfaces/include/auv_interfaces/auv_interfaces/msg
[3.554s] -- Up-to-date: /ros_workspace/src/install/auv_interfaces/include/auv_interfaces/auv_interfaces/msg/detail
[3.554s] -- Installing: /ros_workspace/src/install/auv_interfaces/include/auv_interfaces/auv_interfaces/msg/detail/bot_pose__rosidl_typesupport_introspection_cpp.hpp
[3.554s] -- Installing: /ros_workspace/src/install/auv_interfaces/include/auv_interfaces/auv_interfaces/msg/detail/bot_pose__type_support.cpp
[3.554s] -- Installing: /ros_workspace/src/install/auv_interfaces/lib/libauv_interfaces__rosidl_typesupport_introspection_cpp.so
[3.555s] -- Set runtime path of "/ros_workspace/src/install/auv_interfaces/lib/libauv_interfaces__rosidl_typesupport_introspection_cpp.so" to ""
[3.555s] -- Installing: /ros_workspace/src/install/auv_interfaces/lib/libauv_interfaces__rosidl_typesupport_cpp.so
[3.555s] -- Set runtime path of "/ros_workspace/src/install/auv_interfaces/lib/libauv_interfaces__rosidl_typesupport_cpp.so" to ""
[3.555s] -- Installing: /ros_workspace/src/install/auv_interfaces/share/auv_interfaces/environment/pythonpath.sh
[3.555s] -- Installing: /ros_workspace/src/install/auv_interfaces/share/auv_interfaces/environment/pythonpath.dsv
[3.556s] -- Installing: /ros_workspace/src/install/auv_interfaces/local/lib/python3.10/dist-packages/auv_interfaces-0.0.0-py3.10.egg-info
[3.556s] -- Installing: /ros_workspace/src/install/auv_interfaces/local/lib/python3.10/dist-packages/auv_interfaces-0.0.0-py3.10.egg-info/dependency_links.txt
[3.556s] -- Installing: /ros_workspace/src/install/auv_interfaces/local/lib/python3.10/dist-packages/auv_interfaces-0.0.0-py3.10.egg-info/PKG-INFO
[3.556s] -- Installing: /ros_workspace/src/install/auv_interfaces/local/lib/python3.10/dist-packages/auv_interfaces-0.0.0-py3.10.egg-info/top_level.txt
[3.556s] -- Installing: /ros_workspace/src/install/auv_interfaces/local/lib/python3.10/dist-packages/auv_interfaces-0.0.0-py3.10.egg-info/SOURCES.txt
[3.557s] -- Installing: /ros_workspace/src/install/auv_interfaces/local/lib/python3.10/dist-packages/auv_interfaces
[3.557s] -- Installing: /ros_workspace/src/install/auv_interfaces/local/lib/python3.10/dist-packages/auv_interfaces/libauv_interfaces__rosidl_generator_py.so
[3.557s] -- Installing: /ros_workspace/src/install/auv_interfaces/local/lib/python3.10/dist-packages/auv_interfaces/_auv_interfaces_s.ep.rosidl_typesupport_fastrtps_c.c
[3.557s] -- Installing: /ros_workspace/src/install/auv_interfaces/local/lib/python3.10/dist-packages/auv_interfaces/auv_interfaces_s__rosidl_typesupport_c.cpython-310-x86_64-linux-gnu.so
[3.557s] -- Installing: /ros_workspace/src/install/auv_interfaces/local/lib/python3.10/dist-packages/auv_interfaces/msg
[3.557s] -- Installing: /ros_workspace/src/install/auv_interfaces/local/lib/python3.10/dist-packages/auv_interfaces/msg/_bot_pose_s.c
[3.558s] -- Installing: /ros_workspace/src/install/auv_interfaces/local/lib/python3.10/dist-packages/auv_interfaces/msg/__init__.py
[3.558s] -- Installing: /ros_workspace/src/install/auv_interfaces/local/lib/python3.10/dist-packages/auv_interfaces/msg/_bot_pose.py
[3.558s] -- Installing: /ros_workspace/src/install/auv_interfaces/local/lib/python3.10/dist-packages/auv_interfaces/_auv_interfaces_s.ep.rosidl_typesupport_c.c
[3.558s] -- Installing: /ros_workspace/src/install/auv_interfaces/local/lib/python3.10/dist-packages/auv_interfaces/auv_interfaces_s__rosidl_typesupport_introspection_c.cpython-310-x86_64-linux-gnu.so
[3.558s] -- Installing: /ros_workspace/src/install/auv_interfaces/local/lib/python3.10/dist-packages/auv_interfaces/_auv_interfaces_s.ep.rosidl_typesupport_introspection_c.c
[3.558s] -- Installing: /ros_workspace/src/install/auv_interfaces/local/lib/python3.10/dist-packages/auv_interfaces/auv_interfaces_s__rosidl_typesupport_fastrtps_c.cpython-310-x86_64-linux-gnu.so
[3.559s] -- Installing: /ros_workspace/src/install/auv_interfaces/local/lib/python3.10/dist-packages/auv_interfaces/__init__.py
[3.592s] Listing '/ros_workspace/src/install/auv_interfaces/local/lib/python3.10/dist-packages/auv_interfaces'...
[3.592s] Compiling '/ros_workspace/src/install/auv_interfaces/local/lib/python3.10/dist-packages/auv_interfaces/__init__.py'...
[3.592s] Listing '/ros_workspace/src/install/auv_interfaces/local/lib/python3.10/dist-packages/auv_interfaces/msg'...
[3.592s] Compiling '/ros_workspace/src/install/auv_interfaces/local/lib/python3.10/dist-packages/auv_interfaces/msg/__init__.py'...
[3.592s] Compiling '/ros_workspace/src/install/auv_interfaces/local/lib/python3.10/dist-packages/auv_interfaces/msg/_bot_pose.py'...
[3.597s] -- Installing: /ros_workspace/src/install/auv_interfaces/local/lib/python3.10/dist-packages/auv_interfaces/auv_interfaces_s__rosidl_typesupport_fastrtps_c.cpython-310-x86_64-linux-gnu.so
[3.597s] -- Set runtime path of "/ros_workspace/src/install/auv_interfaces/local/lib/python3.10/dist-packages/auv_interfaces/auv_interfaces_s__rosidl_typesupport_fastrtps_c.cpython-310-x86_64-linux-gnu.so" to ""
[3.598s] -- Installing: /ros_workspace/src/install/auv_interfaces/local/lib/python3.10/dist-packages/auv_interfaces/auv_interfaces_s__rosidl_typesupport_introspection_c.cpython-310-x86_64-linux-gnu.so
[3.598s] -- Set runtime path of "/ros_workspace/src/install/auv_interfaces/local/lib/python3.10/dist-packages/auv_interfaces/auv_interfaces_s__rosidl_typesupport_introspection_c.cpython-310-x86_64-linux-gnu.so" to ""
[3.598s] -- Installing: /ros_workspace/src/install/auv_interfaces/local/lib/python3.10/dist-packages/auv_interfaces/auv_interfaces_s__rosidl_typesupport_c.cpython-310-x86_64-linux-gnu.so
[3.599s] -- Set runtime path of "/ros_workspace/src/install/auv_interfaces/local/lib/python3.10/dist-packages/auv_interfaces/auv_interfaces_s__rosidl_typesupport_c.cpython-310-x86_64-linux-gnu.so" to ""
[3.599s] -- Installing: /ros_workspace/src/install/auv_interfaces/lib/libauv_interfaces__rosidl_generator_py.so
[3.599s] -- Set runtime path of "/ros_workspace/src/install/auv_interfaces/lib/libauv_interfaces__rosidl_generator_py.so" to ""
[3.599s] -- Installing: /ros_workspace/src/install/auv_interfaces/share/ament_index/resource_index/rust_packages/auv_interfaces
[3.600s] -- Installing: /ros_workspace/src/install/auv_interfaces/share/auv_interfaces/rust
[3.600s] -- Installing: /ros_workspace/src/install/auv_interfaces/share/auv_interfaces/rust/build.rs
[3.600s] -- Installing: /ros_workspace/src/install/auv_interfaces/share/auv_interfaces/rust/src
[3.600s] -- Installing: /ros_workspace/src/install/auv_interfaces/share/auv_interfaces/rust/src/msg.rs
[3.600s] -- Installing: /ros_workspace/src/install/auv_interfaces/share/auv_interfaces/rust/src/msg
[3.600s] -- Installing: /ros_workspace/src/install/auv_interfaces/share/auv_interfaces/rust/src/msg/rmw.rs
[3.600s] -- Installing: /ros_workspace/src/install/auv_interfaces/share/auv_interfaces/rust/src/lib.rs
[3.600s] -- Installing: /ros_workspace/src/install/auv_interfaces/share/auv_interfaces/rust/Cargo.toml
[3.601s] -- Installing: /ros_workspace/src/install/auv_interfaces/share/auv_interfaces/msg/BotPose.idl
[3.601s] -- Installing: /ros_workspace/src/install/auv_interfaces/share/auv_interfaces/msg/BotPose.msg
[3.601s] -- Installing: /ros_workspace/src/install/auv_interfaces/share/ament_index/resource_index/package_run_dependencies/auv_interfaces
[3.601s] -- Installing: /ros_workspace/src/install/auv_interfaces/share/ament_index/resource_index/parent_prefix_path/auv_interfaces
[3.602s] -- Installing: /ros_workspace/src/install/auv_interfaces/share/auv_interfaces/environment/ament_prefix_path.sh
[3.602s] -- Installing: /ros_workspace/src/install/auv_interfaces/share/auv_interfaces/environment/ament_prefix_path.dsv
[3.602s] -- Installing: /ros_workspace/src/install/auv_interfaces/share/auv_interfaces/environment/path.sh
[3.602s] -- Installing: /ros_workspace/src/install/auv_interfaces/share/auv_interfaces/environment/path.dsv
[3.602s] -- Installing: /ros_workspace/src/install/auv_interfaces/share/auv_interfaces/local_setup.bash
[3.603s] -- Installing: /ros_workspace/src/install/auv_interfaces/share/auv_interfaces/local_setup.sh
[3.603s] -- Installing: /ros_workspace/src/install/auv_interfaces/share/auv_interfaces/local_setup.zsh
[3.603s] -- Installing: /ros_workspace/src/install/auv_interfaces/share/auv_interfaces/local_setup.dsv
[3.603s] -- Installing: /ros_workspace/src/install/auv_interfaces/share/auv_interfaces/package.dsv
[3.603s] -- Installing: /ros_workspace/src/install/auv_interfaces/share/ament_index/resource_index/packages/auv_interfaces
[3.604s] -- Installing: /ros_workspace/src/install/auv_interfaces/share/auv_interfaces/cmake/export_auv_interfaces__rosidl_generator_cExport.cmake
[3.604s] -- Installing: /ros_workspace/src/install/auv_interfaces/share/auv_interfaces/cmake/export_auv_interfaces__rosidl_generator_cExport-noconfig.cmake
[3.604s] -- Installing: /ros_workspace/src/install/auv_interfaces/share/auv_interfaces/cmake/export_auv_interfaces__rosidl_typesupport_fastrtps_cExport.cmake
[3.604s] -- Installing: /ros_workspace/src/install/auv_interfaces/share/auv_interfaces/cmake/export_auv_interfaces__rosidl_typesupport_fastrtps_cExport-noconfig.cmake
[3.604s] -- Installing: /ros_workspace/src/install/auv_interfaces/share/auv_interfaces/cmake/auv_interfaces__rosidl_typesupport_introspection_cExport.cmake
[3.605s] -- Installing: /ros_workspace/src/install/auv_interfaces/share/auv_interfaces/cmake/auv_interfaces__rosidl_typesupport_introspection_cExport-noconfig.cmake
[3.605s] -- Installing: /ros_workspace/src/install/auv_interfaces/share/auv_interfaces/cmake/auv_interfaces__rosidl_typesupport_cExport.cmake
[3.605s] -- Installing: /ros_workspace/src/install/auv_interfaces/share/auv_interfaces/cmake/auv_interfaces__rosidl_typesupport_cExport-noconfig.cmake
[3.605s] -- Installing: /ros_workspace/src/install/auv_interfaces/share/auv_interfaces/cmake/export_auv_interfaces__rosidl_generator_cppExport.cmake
[3.605s] -- Installing: /ros_workspace/src/install/auv_interfaces/share/auv_interfaces/cmake/export_auv_interfaces__rosidl_typesupport_fastrtps_cppExport.cmake
[3.606s] -- Installing: /ros_workspace/src/install/auv_interfaces/share/auv_interfaces/cmake/export_auv_interfaces__rosidl_typesupport_fastrtps_cppExport-noconfig.cmake
[3.606s] -- Installing: /ros_workspace/src/install/auv_interfaces/share/auv_interfaces/cmake/auv_interfaces__rosidl_typesupport_introspection_cppExport.cmake
[3.606s] -- Installing: /ros_workspace/src/install/auv_interfaces/share/auv_interfaces/cmake/auv_interfaces__rosidl_typesupport_introspection_cppExport-noconfig.cmake
[3.606s] -- Installing: /ros_workspace/src/install/auv_interfaces/share/auv_interfaces/cmake/auv_interfaces__rosidl_typesupport_cppExport.cmake
[3.606s] -- Installing: /ros_workspace/src/install/auv_interfaces/share/auv_interfaces/cmake/auv_interfaces__rosidl_typesupport_cppExport-noconfig.cmake
[3.607s] -- Installing: /ros_workspace/src/install/auv_interfaces/share/auv_interfaces/cmake/export_auv_interfaces__rosidl_generator_pyExport.cmake
[3.607s] -- Installing: /ros_workspace/src/install/auv_interfaces/share/auv_interfaces/cmake/export_auv_interfaces__rosidl_generator_pyExport-noconfig.cmake
[3.607s] -- Installing: /ros_workspace/src/install/auv_interfaces/share/auv_interfaces/cmake/rosidl_cmake-extras.cmake
[3.607s] -- Installing: /ros_workspace/src/install/auv_interfaces/share/auv_interfaces/cmake/ament_cmake_export_include_directories-extras.cmake
[3.607s] -- Installing: /ros_workspace/src/install/auv_interfaces/share/auv_interfaces/cmake/ament_cmake_export_libraries-extras.cmake
[3.608s] -- Installing: /ros_workspace/src/install/auv_interfaces/share/auv_interfaces/cmake/ament_cmake_export_targets-extras.cmake
[3.608s] -- Installing: /ros_workspace/src/install/auv_interfaces/share/auv_interfaces/cmake/rosidl_cmake_export_typesupport_targets-extras.cmake
[3.608s] -- Installing: /ros_workspace/src/install/auv_interfaces/share/auv_interfaces/cmake/ament_cmake_export_dependencies-extras.cmake
[3.608s] -- Installing: /ros_workspace/src/install/auv_interfaces/share/auv_interfaces/cmake/rosidl_cmake_export_typesupport_libraries-extras.cmake
[3.608s] -- Installing: /ros_workspace/src/install/auv_interfaces/share/auv_interfaces/cmake/auv_interfacesConfig.cmake
[3.608s] -- Installing: /ros_workspace/src/install/auv_interfaces/share/auv_interfaces/cmake/auv_interfacesConfig-version.cmake
[3.609s] -- Installing: /ros_workspace/src/install/auv_interfaces/share/auv_interfaces/package.xml
[3.612s] Invoked command in '/ros_workspace/src/build/auv_interfaces' returned '0': CMAKE_PREFIX_PATH=${CMAKE_PREFIX_PATH}:/ros_workspace/install/auv_recruitment:/opt/ros/humble /usr/bin/cmake --install /ros_workspace/src/build/auv_interfaces
