[0.112s] DEBUG:colcon:Command line arguments: ['/usr/bin/colcon', 'build']
[0.112s] DEBUG:colcon:Parsed command line arguments: Namespace(log_base=None, log_level=None, verb_name='build', build_base='build', install_base='install', merge_install=False, symlink_install=False, test_result_base=None, continue_on_error=False, executor='parallel', parallel_workers=12, event_handlers=None, ignore_user_meta=False, metas=['./colcon.meta'], base_paths=['.'], packages_ignore=None, packages_ignore_regex=None, paths=None, packages_up_to=None, packages_up_to_regex=None, packages_above=None, packages_above_and_dependencies=None, packages_above_depth=None, packages_select_by_dep=None, packages_skip_by_dep=None, packages_skip_up_to=None, packages_select_build_failed=False, packages_skip_build_finished=False, packages_select_test_failures=False, packages_skip_test_passed=False, packages_select=None, packages_skip=None, packages_select_regex=None, packages_skip_regex=None, packages_start=None, packages_end=None, cmake_args=None, cmake_target=None, cmake_target_skip_unavailable=False, cmake_clean_cache=False, cmake_clean_first=False, cmake_force_configure=False, ament_cmake_args=None, catkin_cmake_args=None, catkin_skip_building_tests=False, mixin_files=None, mixin=None, verb_parser=<colcon_mixin.mixin.mixin_argument.MixinArgumentDecorator object at 0x78ec439e3310>, verb_extension=<colcon_core.verb.build.BuildVerb object at 0x78ec43b94340>, main=<bound method BuildVerb.main of <colcon_core.verb.build.BuildVerb object at 0x78ec43b94340>>, mixin_verb=('build',))
[0.246s] Level 1:colcon.colcon_core.package_discovery:discover_packages(colcon_meta) check parameters
[0.246s] INFO:colcon.colcon_metadata.package_discovery.colcon_meta:Using configuration from '/root/.colcon/metadata/default/Gazebo.meta'
[0.247s] INFO:colcon.colcon_metadata.package_discovery.colcon_meta:Using configuration from '/root/.colcon/metadata/default/fastdds.meta'
[0.247s] INFO:colcon.colcon_metadata.package_discovery.colcon_meta:Using configuration from '/root/.colcon/metadata/default/fastrtps.meta'
[0.247s] Level 1:colcon.colcon_core.package_discovery:discover_packages(recursive) check parameters
[0.247s] Level 1:colcon.colcon_core.package_discovery:discover_packages(ignore) check parameters
[0.247s] Level 1:colcon.colcon_core.package_discovery:discover_packages(path) check parameters
[0.247s] Level 1:colcon.colcon_core.package_discovery:discover_packages(colcon_meta) discover
[0.247s] Level 1:colcon.colcon_core.package_discovery:discover_packages(recursive) discover
[0.247s] INFO:colcon.colcon_core.package_discovery:Crawling recursively for packages in '/ros_workspace/src'
[0.248s] Level 1:colcon.colcon_core.package_identification:_identify(.) by extensions ['ignore', 'ignore_ament_install']
[0.248s] Level 1:colcon.colcon_core.package_identification:_identify(.) by extension 'ignore'
[0.248s] Level 1:colcon.colcon_core.package_identification:_identify(.) by extension 'ignore_ament_install'
[0.248s] Level 1:colcon.colcon_core.package_identification:_identify(.) by extensions ['colcon_pkg']
[0.248s] Level 1:colcon.colcon_core.package_identification:_identify(.) by extension 'colcon_pkg'
[0.248s] Level 1:colcon.colcon_core.package_identification:_identify(.) by extensions ['colcon_meta']
[0.248s] Level 1:colcon.colcon_core.package_identification:_identify(.) by extension 'colcon_meta'
[0.248s] Level 1:colcon.colcon_core.package_identification:_identify(.) by extensions ['ros']
[0.248s] Level 1:colcon.colcon_core.package_identification:_identify(.) by extension 'ros'
[0.259s] Level 1:colcon.colcon_core.package_identification:_identify(.) by extensions ['cmake', 'python']
[0.259s] Level 1:colcon.colcon_core.package_identification:_identify(.) by extension 'cmake'
[0.259s] Level 1:colcon.colcon_core.package_identification:_identify(.) by extension 'python'
[0.259s] Level 1:colcon.colcon_core.package_identification:_identify(.) by extensions ['python_setup_py']
[0.259s] Level 1:colcon.colcon_core.package_identification:_identify(.) by extension 'python_setup_py'
[0.259s] Level 1:colcon.colcon_core.package_identification:_identify(auv_interfaces) by extensions ['ignore', 'ignore_ament_install']
[0.260s] Level 1:colcon.colcon_core.package_identification:_identify(auv_interfaces) by extension 'ignore'
[0.260s] Level 1:colcon.colcon_core.package_identification:_identify(auv_interfaces) by extension 'ignore_ament_install'
[0.260s] Level 1:colcon.colcon_core.package_identification:_identify(auv_interfaces) by extensions ['colcon_pkg']
[0.260s] Level 1:colcon.colcon_core.package_identification:_identify(auv_interfaces) by extension 'colcon_pkg'
[0.260s] Level 1:colcon.colcon_core.package_identification:_identify(auv_interfaces) by extensions ['colcon_meta']
[0.260s] Level 1:colcon.colcon_core.package_identification:_identify(auv_interfaces) by extension 'colcon_meta'
[0.260s] Level 1:colcon.colcon_core.package_identification:_identify(auv_interfaces) by extensions ['ros']
[0.260s] Level 1:colcon.colcon_core.package_identification:_identify(auv_interfaces) by extension 'ros'
[0.262s] DEBUG:colcon.colcon_core.package_identification:Package 'auv_interfaces' with type 'ros.ament_cmake' and name 'auv_interfaces'
[0.262s] Level 1:colcon.colcon_core.package_identification:_identify(auv_recruitment) by extensions ['ignore', 'ignore_ament_install']
[0.262s] Level 1:colcon.colcon_core.package_identification:_identify(auv_recruitment) by extension 'ignore'
[0.262s] Level 1:colcon.colcon_core.package_identification:_identify(auv_recruitment) by extension 'ignore_ament_install'
[0.262s] Level 1:colcon.colcon_core.package_identification:_identify(auv_recruitment) by extensions ['colcon_pkg']
[0.263s] Level 1:colcon.colcon_core.package_identification:_identify(auv_recruitment) by extension 'colcon_pkg'
[0.263s] Level 1:colcon.colcon_core.package_identification:_identify(auv_recruitment) by extensions ['colcon_meta']
[0.263s] Level 1:colcon.colcon_core.package_identification:_identify(auv_recruitment) by extension 'colcon_meta'
[0.263s] Level 1:colcon.colcon_core.package_identification:_identify(auv_recruitment) by extensions ['ros']
[0.263s] Level 1:colcon.colcon_core.package_identification:_identify(auv_recruitment) by extension 'ros'
[0.263s] DEBUG:colcon.colcon_core.package_identification:Package 'auv_recruitment' with type 'ros.ament_python' and name 'auv_recruitment'
[0.264s] Level 1:colcon.colcon_core.package_identification:_identify(build) by extensions ['ignore', 'ignore_ament_install']
[0.264s] Level 1:colcon.colcon_core.package_identification:_identify(build) by extension 'ignore'
[0.264s] Level 1:colcon.colcon_core.package_identification:_identify(build) ignored
[0.264s] Level 1:colcon.colcon_core.package_identification:_identify(install) by extensions ['ignore', 'ignore_ament_install']
[0.264s] Level 1:colcon.colcon_core.package_identification:_identify(install) by extension 'ignore'
[0.264s] Level 1:colcon.colcon_core.package_identification:_identify(install) ignored
[0.264s] Level 1:colcon.colcon_core.package_identification:_identify(log) by extensions ['ignore', 'ignore_ament_install']
[0.264s] Level 1:colcon.colcon_core.package_identification:_identify(log) by extension 'ignore'
[0.264s] Level 1:colcon.colcon_core.package_identification:_identify(log) ignored
[0.264s] Level 1:colcon.colcon_core.package_discovery:discover_packages(recursive) using defaults
[0.264s] Level 1:colcon.colcon_core.package_discovery:discover_packages(ignore) discover
[0.264s] Level 1:colcon.colcon_core.package_discovery:discover_packages(ignore) using defaults
[0.264s] Level 1:colcon.colcon_core.package_discovery:discover_packages(path) discover
[0.264s] Level 1:colcon.colcon_core.package_discovery:discover_packages(path) using defaults
[0.283s] Level 5:colcon.colcon_core.verb:set package 'auv_interfaces' build argument 'cmake_args' from command line to 'None'
[0.283s] Level 5:colcon.colcon_core.verb:set package 'auv_interfaces' build argument 'cmake_target' from command line to 'None'
[0.283s] Level 5:colcon.colcon_core.verb:set package 'auv_interfaces' build argument 'cmake_target_skip_unavailable' from command line to 'False'
[0.283s] Level 5:colcon.colcon_core.verb:set package 'auv_interfaces' build argument 'cmake_clean_cache' from command line to 'False'
[0.283s] Level 5:colcon.colcon_core.verb:set package 'auv_interfaces' build argument 'cmake_clean_first' from command line to 'False'
[0.283s] Level 5:colcon.colcon_core.verb:set package 'auv_interfaces' build argument 'cmake_force_configure' from command line to 'False'
[0.283s] Level 5:colcon.colcon_core.verb:set package 'auv_interfaces' build argument 'ament_cmake_args' from command line to 'None'
[0.283s] Level 5:colcon.colcon_core.verb:set package 'auv_interfaces' build argument 'catkin_cmake_args' from command line to 'None'
[0.283s] Level 5:colcon.colcon_core.verb:set package 'auv_interfaces' build argument 'catkin_skip_building_tests' from command line to 'False'
[0.284s] DEBUG:colcon.colcon_core.verb:Building package 'auv_interfaces' with the following arguments: {'ament_cmake_args': None, 'build_base': '/ros_workspace/src/build/auv_interfaces', 'catkin_cmake_args': None, 'catkin_skip_building_tests': False, 'cmake_args': None, 'cmake_clean_cache': False, 'cmake_clean_first': False, 'cmake_force_configure': False, 'cmake_target': None, 'cmake_target_skip_unavailable': False, 'install_base': '/ros_workspace/src/install/auv_interfaces', 'merge_install': False, 'path': '/ros_workspace/src/auv_interfaces', 'symlink_install': False, 'test_result_base': None}
[0.284s] Level 5:colcon.colcon_core.verb:set package 'auv_recruitment' build argument 'cmake_args' from command line to 'None'
[0.284s] Level 5:colcon.colcon_core.verb:set package 'auv_recruitment' build argument 'cmake_target' from command line to 'None'
[0.284s] Level 5:colcon.colcon_core.verb:set package 'auv_recruitment' build argument 'cmake_target_skip_unavailable' from command line to 'False'
[0.284s] Level 5:colcon.colcon_core.verb:set package 'auv_recruitment' build argument 'cmake_clean_cache' from command line to 'False'
[0.284s] Level 5:colcon.colcon_core.verb:set package 'auv_recruitment' build argument 'cmake_clean_first' from command line to 'False'
[0.284s] Level 5:colcon.colcon_core.verb:set package 'auv_recruitment' build argument 'cmake_force_configure' from command line to 'False'
[0.284s] Level 5:colcon.colcon_core.verb:set package 'auv_recruitment' build argument 'ament_cmake_args' from command line to 'None'
[0.284s] Level 5:colcon.colcon_core.verb:set package 'auv_recruitment' build argument 'catkin_cmake_args' from command line to 'None'
[0.284s] Level 5:colcon.colcon_core.verb:set package 'auv_recruitment' build argument 'catkin_skip_building_tests' from command line to 'False'
[0.284s] DEBUG:colcon.colcon_core.verb:Building package 'auv_recruitment' with the following arguments: {'ament_cmake_args': None, 'build_base': '/ros_workspace/src/build/auv_recruitment', 'catkin_cmake_args': None, 'catkin_skip_building_tests': False, 'cmake_args': None, 'cmake_clean_cache': False, 'cmake_clean_first': False, 'cmake_force_configure': False, 'cmake_target': None, 'cmake_target_skip_unavailable': False, 'install_base': '/ros_workspace/src/install/auv_recruitment', 'merge_install': False, 'path': '/ros_workspace/src/auv_recruitment', 'symlink_install': False, 'test_result_base': None}
[0.284s] INFO:colcon.colcon_core.executor:Executing jobs using 'parallel' executor
[0.285s] DEBUG:colcon.colcon_parallel_executor.executor.parallel:run_until_complete
[0.285s] INFO:colcon.colcon_ros.task.ament_cmake.build:Building ROS package in '/ros_workspace/src/auv_interfaces' with build type 'ament_cmake'
[0.285s] INFO:colcon.colcon_cmake.task.cmake.build:Building CMake package in '/ros_workspace/src/auv_interfaces'
[0.287s] INFO:colcon.colcon_core.plugin_system:Skipping extension 'colcon_core.shell.bat': Not used on non-Windows systems
[0.288s] INFO:colcon.colcon_core.shell:Skip shell extension 'powershell' for command environment: Not usable outside of PowerShell
[0.288s] DEBUG:colcon.colcon_core.shell:Skip shell extension 'dsv' for command environment
[0.292s] INFO:colcon.colcon_ros.task.ament_python.build:Building ROS package in '/ros_workspace/src/auv_recruitment' with build type 'ament_python'
[0.292s] Level 1:colcon.colcon_core.shell:create_environment_hook('auv_recruitment', 'ament_prefix_path')
[0.293s] INFO:colcon.colcon_core.shell:Creating environment hook '/ros_workspace/src/install/auv_recruitment/share/auv_recruitment/hook/ament_prefix_path.ps1'
[0.294s] INFO:colcon.colcon_core.shell:Creating environment descriptor '/ros_workspace/src/install/auv_recruitment/share/auv_recruitment/hook/ament_prefix_path.dsv'
[0.295s] INFO:colcon.colcon_core.shell:Creating environment hook '/ros_workspace/src/install/auv_recruitment/share/auv_recruitment/hook/ament_prefix_path.sh'
[0.296s] INFO:colcon.colcon_core.shell:Skip shell extension 'powershell' for command environment: Not usable outside of PowerShell
[0.296s] DEBUG:colcon.colcon_core.shell:Skip shell extension 'dsv' for command environment
[0.303s] DEBUG:colcon.colcon_core.event_handler.log_command:Invoking command in '/ros_workspace/src/build/auv_interfaces': CMAKE_PREFIX_PATH=/opt/ros/humble /usr/bin/cmake --build /ros_workspace/src/build/auv_interfaces -- -j12 -l12
[0.575s] INFO:colcon.colcon_core.task.python.build:Building Python package in '/ros_workspace/src/auv_recruitment'
[0.576s] INFO:colcon.colcon_core.shell:Skip shell extension 'powershell' for command environment: Not usable outside of PowerShell
[0.576s] DEBUG:colcon.colcon_core.shell:Skip shell extension 'dsv' for command environment
[0.697s] DEBUG:colcon.colcon_core.event_handler.log_command:Invoked command in '/ros_workspace/src/build/auv_interfaces' returned '0': CMAKE_PREFIX_PATH=/opt/ros/humble /usr/bin/cmake --build /ros_workspace/src/build/auv_interfaces -- -j12 -l12
[0.709s] DEBUG:colcon.colcon_core.event_handler.log_command:Invoking command in '/ros_workspace/src/build/auv_interfaces': CMAKE_PREFIX_PATH=/opt/ros/humble /usr/bin/cmake --install /ros_workspace/src/build/auv_interfaces
[0.778s] Level 1:colcon.colcon_core.environment:create_environment_scripts_only(auv_interfaces)
[0.778s] DEBUG:colcon.colcon_core.event_handler.log_command:Invoked command in '/ros_workspace/src/build/auv_interfaces' returned '0': CMAKE_PREFIX_PATH=/opt/ros/humble /usr/bin/cmake --install /ros_workspace/src/build/auv_interfaces
[0.781s] Level 1:colcon.colcon_core.environment:checking '/ros_workspace/src/install/auv_interfaces' for CMake module files
[0.782s] Level 1:colcon.colcon_core.environment:checking '/ros_workspace/src/install/auv_interfaces' for CMake config files
[0.782s] Level 1:colcon.colcon_core.shell:create_environment_hook('auv_interfaces', 'cmake_prefix_path')
[0.782s] INFO:colcon.colcon_core.shell:Creating environment hook '/ros_workspace/src/install/auv_interfaces/share/auv_interfaces/hook/cmake_prefix_path.ps1'
[0.783s] INFO:colcon.colcon_core.shell:Creating environment descriptor '/ros_workspace/src/install/auv_interfaces/share/auv_interfaces/hook/cmake_prefix_path.dsv'
[0.783s] INFO:colcon.colcon_core.shell:Creating environment hook '/ros_workspace/src/install/auv_interfaces/share/auv_interfaces/hook/cmake_prefix_path.sh'
[0.783s] Level 1:colcon.colcon_core.environment:checking '/ros_workspace/src/install/auv_interfaces/lib'
[0.784s] Level 1:colcon.colcon_core.shell:create_environment_hook('auv_interfaces', 'ld_library_path_lib')
[0.784s] INFO:colcon.colcon_core.shell:Creating environment hook '/ros_workspace/src/install/auv_interfaces/share/auv_interfaces/hook/ld_library_path_lib.ps1'
[0.784s] INFO:colcon.colcon_core.shell:Creating environment descriptor '/ros_workspace/src/install/auv_interfaces/share/auv_interfaces/hook/ld_library_path_lib.dsv'
[0.785s] INFO:colcon.colcon_core.shell:Creating environment hook '/ros_workspace/src/install/auv_interfaces/share/auv_interfaces/hook/ld_library_path_lib.sh'
[0.786s] Level 1:colcon.colcon_core.environment:checking '/ros_workspace/src/install/auv_interfaces/bin'
[0.786s] Level 1:colcon.colcon_core.environment:checking '/ros_workspace/src/install/auv_interfaces/lib/pkgconfig/auv_interfaces.pc'
[0.786s] Level 1:colcon.colcon_core.environment:checking '/ros_workspace/src/install/auv_interfaces/lib/python3.10/site-packages'
[0.787s] Level 1:colcon.colcon_core.environment:checking '/ros_workspace/src/install/auv_interfaces/bin'
[0.787s] INFO:colcon.colcon_core.shell:Creating package script '/ros_workspace/src/install/auv_interfaces/share/auv_interfaces/package.ps1'
[0.788s] INFO:colcon.colcon_core.shell:Creating package descriptor '/ros_workspace/src/install/auv_interfaces/share/auv_interfaces/package.dsv'
[0.789s] INFO:colcon.colcon_core.shell:Creating package script '/ros_workspace/src/install/auv_interfaces/share/auv_interfaces/package.sh'
[0.789s] INFO:colcon.colcon_core.shell:Creating package script '/ros_workspace/src/install/auv_interfaces/share/auv_interfaces/package.bash'
[0.790s] INFO:colcon.colcon_core.shell:Creating package script '/ros_workspace/src/install/auv_interfaces/share/auv_interfaces/package.zsh'
[0.791s] Level 1:colcon.colcon_core.environment:create_file_with_runtime_dependencies(/ros_workspace/src/install/auv_interfaces/share/colcon-core/packages/auv_interfaces)
[0.791s] Level 1:colcon.colcon_core.environment:create_environment_scripts_only(auv_interfaces)
[0.792s] Level 1:colcon.colcon_core.environment:checking '/ros_workspace/src/install/auv_interfaces' for CMake module files
[0.792s] Level 1:colcon.colcon_core.environment:checking '/ros_workspace/src/install/auv_interfaces' for CMake config files
[0.793s] Level 1:colcon.colcon_core.shell:create_environment_hook('auv_interfaces', 'cmake_prefix_path')
[0.793s] INFO:colcon.colcon_core.shell:Creating environment hook '/ros_workspace/src/install/auv_interfaces/share/auv_interfaces/hook/cmake_prefix_path.ps1'
[0.794s] INFO:colcon.colcon_core.shell:Creating environment descriptor '/ros_workspace/src/install/auv_interfaces/share/auv_interfaces/hook/cmake_prefix_path.dsv'
[0.795s] INFO:colcon.colcon_core.shell:Creating environment hook '/ros_workspace/src/install/auv_interfaces/share/auv_interfaces/hook/cmake_prefix_path.sh'
[0.795s] Level 1:colcon.colcon_core.environment:checking '/ros_workspace/src/install/auv_interfaces/lib'
[0.796s] Level 1:colcon.colcon_core.shell:create_environment_hook('auv_interfaces', 'ld_library_path_lib')
[0.796s] INFO:colcon.colcon_core.shell:Creating environment hook '/ros_workspace/src/install/auv_interfaces/share/auv_interfaces/hook/ld_library_path_lib.ps1'
[0.796s] INFO:colcon.colcon_core.shell:Creating environment descriptor '/ros_workspace/src/install/auv_interfaces/share/auv_interfaces/hook/ld_library_path_lib.dsv'
[0.797s] INFO:colcon.colcon_core.shell:Creating environment hook '/ros_workspace/src/install/auv_interfaces/share/auv_interfaces/hook/ld_library_path_lib.sh'
[0.798s] Level 1:colcon.colcon_core.environment:checking '/ros_workspace/src/install/auv_interfaces/bin'
[0.798s] Level 1:colcon.colcon_core.environment:checking '/ros_workspace/src/install/auv_interfaces/lib/pkgconfig/auv_interfaces.pc'
[0.799s] Level 1:colcon.colcon_core.environment:checking '/ros_workspace/src/install/auv_interfaces/lib/python3.10/site-packages'
[0.799s] Level 1:colcon.colcon_core.environment:checking '/ros_workspace/src/install/auv_interfaces/bin'
[0.799s] INFO:colcon.colcon_core.shell:Creating package script '/ros_workspace/src/install/auv_interfaces/share/auv_interfaces/package.ps1'
[0.800s] INFO:colcon.colcon_core.shell:Creating package descriptor '/ros_workspace/src/install/auv_interfaces/share/auv_interfaces/package.dsv'
[0.801s] INFO:colcon.colcon_core.shell:Creating package script '/ros_workspace/src/install/auv_interfaces/share/auv_interfaces/package.sh'
[0.802s] INFO:colcon.colcon_core.shell:Creating package script '/ros_workspace/src/install/auv_interfaces/share/auv_interfaces/package.bash'
[0.803s] INFO:colcon.colcon_core.shell:Creating package script '/ros_workspace/src/install/auv_interfaces/share/auv_interfaces/package.zsh'
[0.803s] Level 1:colcon.colcon_core.environment:create_file_with_runtime_dependencies(/ros_workspace/src/install/auv_interfaces/share/colcon-core/packages/auv_interfaces)
[0.894s] DEBUG:colcon.colcon_core.event_handler.log_command:Invoking command in '/ros_workspace/src/auv_recruitment': PYTHONPATH=/ros_workspace/src/build/auv_recruitment/prefix_override:/usr/lib/python3/dist-packages/colcon_core/task/python/colcon_distutils_commands:/ros_workspace/src/install/auv_recruitment/lib/python3.10/site-packages:${PYTHONPATH} /usr/bin/python3 -W ignore:setup.py install is deprecated -W ignore:easy_install command is deprecated setup.py egg_info --egg-base ../build/auv_recruitment build --build-base /ros_workspace/src/build/auv_recruitment/build install --record /ros_workspace/src/build/auv_recruitment/install.log --single-version-externally-managed install_data
[1.157s] Level 1:colcon.colcon_core.environment:checking '/ros_workspace/src/install/auv_recruitment' for CMake module files
[1.158s] DEBUG:colcon.colcon_core.event_handler.log_command:Invoked command in '/ros_workspace/src/auv_recruitment' returned '0': PYTHONPATH=/ros_workspace/src/build/auv_recruitment/prefix_override:/usr/lib/python3/dist-packages/colcon_core/task/python/colcon_distutils_commands:/ros_workspace/src/install/auv_recruitment/lib/python3.10/site-packages:${PYTHONPATH} /usr/bin/python3 -W ignore:setup.py install is deprecated -W ignore:easy_install command is deprecated setup.py egg_info --egg-base ../build/auv_recruitment build --build-base /ros_workspace/src/build/auv_recruitment/build install --record /ros_workspace/src/build/auv_recruitment/install.log --single-version-externally-managed install_data
[1.158s] Level 1:colcon.colcon_core.environment:checking '/ros_workspace/src/install/auv_recruitment' for CMake config files
[1.159s] Level 1:colcon.colcon_core.environment:checking '/ros_workspace/src/install/auv_recruitment/lib'
[1.159s] Level 1:colcon.colcon_core.environment:checking '/ros_workspace/src/install/auv_recruitment/bin'
[1.159s] Level 1:colcon.colcon_core.environment:checking '/ros_workspace/src/install/auv_recruitment/lib/pkgconfig/auv_recruitment.pc'
[1.159s] Level 1:colcon.colcon_core.environment:checking '/ros_workspace/src/install/auv_recruitment/lib/python3.10/site-packages'
[1.159s] Level 1:colcon.colcon_core.shell:create_environment_hook('auv_recruitment', 'pythonpath')
[1.159s] INFO:colcon.colcon_core.shell:Creating environment hook '/ros_workspace/src/install/auv_recruitment/share/auv_recruitment/hook/pythonpath.ps1'
[1.160s] INFO:colcon.colcon_core.shell:Creating environment descriptor '/ros_workspace/src/install/auv_recruitment/share/auv_recruitment/hook/pythonpath.dsv'
[1.160s] INFO:colcon.colcon_core.shell:Creating environment hook '/ros_workspace/src/install/auv_recruitment/share/auv_recruitment/hook/pythonpath.sh'
[1.161s] Level 1:colcon.colcon_core.environment:checking '/ros_workspace/src/install/auv_recruitment/bin'
[1.161s] Level 1:colcon.colcon_core.environment:create_environment_scripts_only(auv_recruitment)
[1.161s] INFO:colcon.colcon_core.shell:Creating package script '/ros_workspace/src/install/auv_recruitment/share/auv_recruitment/package.ps1'
[1.162s] INFO:colcon.colcon_core.shell:Creating package descriptor '/ros_workspace/src/install/auv_recruitment/share/auv_recruitment/package.dsv'
[1.162s] INFO:colcon.colcon_core.shell:Creating package script '/ros_workspace/src/install/auv_recruitment/share/auv_recruitment/package.sh'
[1.163s] INFO:colcon.colcon_core.shell:Creating package script '/ros_workspace/src/install/auv_recruitment/share/auv_recruitment/package.bash'
[1.163s] INFO:colcon.colcon_core.shell:Creating package script '/ros_workspace/src/install/auv_recruitment/share/auv_recruitment/package.zsh'
[1.164s] Level 1:colcon.colcon_core.environment:create_file_with_runtime_dependencies(/ros_workspace/src/install/auv_recruitment/share/colcon-core/packages/auv_recruitment)
[1.164s] DEBUG:colcon.colcon_parallel_executor.executor.parallel:closing loop
[1.164s] DEBUG:colcon.colcon_parallel_executor.executor.parallel:loop closed
[1.164s] DEBUG:colcon.colcon_parallel_executor.executor.parallel:run_until_complete finished with '0'
[1.164s] DEBUG:colcon.colcon_core.event_reactor:joining thread
[1.186s] INFO:colcon.colcon_core.plugin_system:Skipping extension 'colcon_notification.desktop_notification.notify_send': Could not find 'notify-send'
[1.186s] INFO:colcon.colcon_core.plugin_system:Skipping extension 'colcon_notification.desktop_notification.terminal_notifier': Not used on non-Darwin systems
[1.186s] INFO:colcon.colcon_core.plugin_system:Skipping extension 'colcon_notification.desktop_notification.win32': Not used on non-Windows systems
[1.186s] INFO:colcon.colcon_notification.desktop_notification:Sending desktop notification using 'notify2'
[1.191s] DEBUG:colcon.colcon_notification.desktop_notification.notify2:Failed to initialize notify2: org.freedesktop.DBus.Error.Spawn.ExecFailed: /usr/bin/dbus-launch terminated abnormally without any error message
[1.191s] DEBUG:colcon.colcon_core.event_reactor:joined thread
[1.192s] INFO:colcon.colcon_core.shell:Creating prefix script '/ros_workspace/src/install/local_setup.ps1'
[1.193s] INFO:colcon.colcon_core.shell:Creating prefix util module '/ros_workspace/src/install/_local_setup_util_ps1.py'
[1.194s] INFO:colcon.colcon_core.shell:Creating prefix chain script '/ros_workspace/src/install/setup.ps1'
[1.196s] INFO:colcon.colcon_core.shell:Creating prefix script '/ros_workspace/src/install/local_setup.sh'
[1.196s] INFO:colcon.colcon_core.shell:Creating prefix util module '/ros_workspace/src/install/_local_setup_util_sh.py'
[1.197s] INFO:colcon.colcon_core.shell:Creating prefix chain script '/ros_workspace/src/install/setup.sh'
[1.198s] INFO:colcon.colcon_core.shell:Creating prefix script '/ros_workspace/src/install/local_setup.bash'
[1.198s] INFO:colcon.colcon_core.shell:Creating prefix chain script '/ros_workspace/src/install/setup.bash'
[1.199s] INFO:colcon.colcon_core.shell:Creating prefix script '/ros_workspace/src/install/local_setup.zsh'
[1.199s] INFO:colcon.colcon_core.shell:Creating prefix chain script '/ros_workspace/src/install/setup.zsh'
