[0.020s] Invoking command in '/ros_workspace/src/build/auv_interfaces': CMAKE_PREFIX_PATH=${CMAKE_PREFIX_PATH}:/ros_workspace/src/install/auv_recruitment:/opt/ros/humble /usr/bin/cmake --build /ros_workspace/src/build/auv_interfaces -- -j12 -l12
[0.079s] [  3%] Built target auv_interfaces__cpp
[0.079s] [ 15%] Built target auv_interfaces__rosidl_generator_c
[0.079s] [ 15%] Built target auv_interfaces__rs
[0.092s] [ 15%] Built target ament_cmake_python_copy_auv_interfaces
[0.106s] [ 43%] Built target auv_interfaces__rosidl_typesupport_c
[0.107s] [ 43%] Built target auv_interfaces__rosidl_typesupport_cpp
[0.107s] [ 43%] Built target auv_interfaces__rosidl_typesupport_fastrtps_cpp
[0.107s] [ 53%] Built target auv_interfaces__rosidl_typesupport_introspection_cpp
[0.109s] [ 62%] Built target auv_interfaces__rosidl_typesupport_fastrtps_c
[0.110s] [ 71%] Built target auv_interfaces__rosidl_typesupport_introspection_c
[0.137s] [ 71%] Built target auv_interfaces
[0.161s] [ 75%] Built target auv_interfaces__py
[0.186s] [ 81%] Built target auv_interfaces__rosidl_generator_py
[0.213s] [100%] Built target auv_interfaces__rosidl_typesupport_c__pyext
[0.213s] [100%] Built target auv_interfaces__rosidl_typesupport_fastrtps_c__pyext
[0.213s] [100%] Built target auv_interfaces__rosidl_typesupport_introspection_c__pyext
[0.310s] running egg_info
[0.311s] writing auv_interfaces.egg-info/PKG-INFO
[0.311s] writing dependency_links to auv_interfaces.egg-info/dependency_links.txt
[0.311s] writing top-level names to auv_interfaces.egg-info/top_level.txt
[0.314s] reading manifest file 'auv_interfaces.egg-info/SOURCES.txt'
[0.314s] writing manifest file 'auv_interfaces.egg-info/SOURCES.txt'
[0.349s] [100%] Built target ament_cmake_python_build_auv_interfaces_egg
[0.363s] Invoked command in '/ros_workspace/src/build/auv_interfaces' returned '0': CMAKE_PREFIX_PATH=${CMAKE_PREFIX_PATH}:/ros_workspace/src/install/auv_recruitment:/opt/ros/humble /usr/bin/cmake --build /ros_workspace/src/build/auv_interfaces -- -j12 -l12
[0.374s] Invoking command in '/ros_workspace/src/build/auv_interfaces': CMAKE_PREFIX_PATH=${CMAKE_PREFIX_PATH}:/ros_workspace/src/install/auv_recruitment:/opt/ros/humble /usr/bin/cmake --install /ros_workspace/src/build/auv_interfaces
[0.382s] -- Install configuration: ""
[0.383s] -- Up-to-date: /ros_workspace/src/install/auv_interfaces/share/ament_index/resource_index/rosidl_interfaces/auv_interfaces
[0.383s] -- Up-to-date: /ros_workspace/src/install/auv_interfaces/include/auv_interfaces/auv_interfaces
[0.383s] -- Up-to-date: /ros_workspace/src/install/auv_interfaces/include/auv_interfaces/auv_interfaces/msg
[0.383s] -- Up-to-date: /ros_workspace/src/install/auv_interfaces/include/auv_interfaces/auv_interfaces/msg/rosidl_generator_c__visibility_control.h
[0.384s] -- Up-to-date: /ros_workspace/src/install/auv_interfaces/include/auv_interfaces/auv_interfaces/msg/bot_pose.h
[0.384s] -- Up-to-date: /ros_workspace/src/install/auv_interfaces/include/auv_interfaces/auv_interfaces/msg/detail
[0.384s] -- Up-to-date: /ros_workspace/src/install/auv_interfaces/include/auv_interfaces/auv_interfaces/msg/detail/bot_pose__struct.h
[0.384s] -- Up-to-date: /ros_workspace/src/install/auv_interfaces/include/auv_interfaces/auv_interfaces/msg/detail/bot_pose__type_support.h
[0.384s] -- Up-to-date: /ros_workspace/src/install/auv_interfaces/include/auv_interfaces/auv_interfaces/msg/detail/bot_pose__functions.h
[0.384s] -- Up-to-date: /ros_workspace/src/install/auv_interfaces/include/auv_interfaces/auv_interfaces/msg/detail/bot_pose__functions.c
[0.384s] -- Up-to-date: /ros_workspace/src/install/auv_interfaces/share/auv_interfaces/environment/library_path.sh
[0.384s] -- Up-to-date: /ros_workspace/src/install/auv_interfaces/share/auv_interfaces/environment/library_path.dsv
[0.384s] -- Up-to-date: /ros_workspace/src/install/auv_interfaces/lib/libauv_interfaces__rosidl_generator_c.so
[0.385s] -- Up-to-date: /ros_workspace/src/install/auv_interfaces/include/auv_interfaces/auv_interfaces
[0.385s] -- Up-to-date: /ros_workspace/src/install/auv_interfaces/include/auv_interfaces/auv_interfaces/msg
[0.385s] -- Up-to-date: /ros_workspace/src/install/auv_interfaces/include/auv_interfaces/auv_interfaces/msg/detail
[0.385s] -- Up-to-date: /ros_workspace/src/install/auv_interfaces/include/auv_interfaces/auv_interfaces/msg/detail/bot_pose__rosidl_typesupport_fastrtps_c.h
[0.385s] -- Up-to-date: /ros_workspace/src/install/auv_interfaces/include/auv_interfaces/auv_interfaces/msg/rosidl_typesupport_fastrtps_c__visibility_control.h
[0.385s] -- Up-to-date: /ros_workspace/src/install/auv_interfaces/lib/libauv_interfaces__rosidl_typesupport_fastrtps_c.so
[0.385s] -- Up-to-date: /ros_workspace/src/install/auv_interfaces/include/auv_interfaces/auv_interfaces
[0.385s] -- Up-to-date: /ros_workspace/src/install/auv_interfaces/include/auv_interfaces/auv_interfaces/msg
[0.385s] -- Up-to-date: /ros_workspace/src/install/auv_interfaces/include/auv_interfaces/auv_interfaces/msg/rosidl_typesupport_introspection_c__visibility_control.h
[0.386s] -- Up-to-date: /ros_workspace/src/install/auv_interfaces/include/auv_interfaces/auv_interfaces/msg/detail
[0.386s] -- Up-to-date: /ros_workspace/src/install/auv_interfaces/include/auv_interfaces/auv_interfaces/msg/detail/bot_pose__rosidl_typesupport_introspection_c.h
[0.386s] -- Up-to-date: /ros_workspace/src/install/auv_interfaces/include/auv_interfaces/auv_interfaces/msg/detail/bot_pose__type_support.c
[0.386s] -- Up-to-date: /ros_workspace/src/install/auv_interfaces/lib/libauv_interfaces__rosidl_typesupport_introspection_c.so
[0.386s] -- Up-to-date: /ros_workspace/src/install/auv_interfaces/lib/libauv_interfaces__rosidl_typesupport_c.so
[0.386s] -- Up-to-date: /ros_workspace/src/install/auv_interfaces/include/auv_interfaces/auv_interfaces
[0.386s] -- Up-to-date: /ros_workspace/src/install/auv_interfaces/include/auv_interfaces/auv_interfaces/msg
[0.386s] -- Up-to-date: /ros_workspace/src/install/auv_interfaces/include/auv_interfaces/auv_interfaces/msg/bot_pose.hpp
[0.386s] -- Up-to-date: /ros_workspace/src/install/auv_interfaces/include/auv_interfaces/auv_interfaces/msg/rosidl_generator_cpp__visibility_control.hpp
[0.386s] -- Up-to-date: /ros_workspace/src/install/auv_interfaces/include/auv_interfaces/auv_interfaces/msg/detail
[0.387s] -- Up-to-date: /ros_workspace/src/install/auv_interfaces/include/auv_interfaces/auv_interfaces/msg/detail/bot_pose__traits.hpp
[0.387s] -- Up-to-date: /ros_workspace/src/install/auv_interfaces/include/auv_interfaces/auv_interfaces/msg/detail/bot_pose__builder.hpp
[0.387s] -- Up-to-date: /ros_workspace/src/install/auv_interfaces/include/auv_interfaces/auv_interfaces/msg/detail/bot_pose__struct.hpp
[0.387s] -- Up-to-date: /ros_workspace/src/install/auv_interfaces/include/auv_interfaces/auv_interfaces/msg/detail/bot_pose__type_support.hpp
[0.387s] -- Up-to-date: /ros_workspace/src/install/auv_interfaces/include/auv_interfaces/auv_interfaces
[0.387s] -- Up-to-date: /ros_workspace/src/install/auv_interfaces/include/auv_interfaces/auv_interfaces/msg
[0.387s] -- Up-to-date: /ros_workspace/src/install/auv_interfaces/include/auv_interfaces/auv_interfaces/msg/rosidl_typesupport_fastrtps_cpp__visibility_control.h
[0.387s] -- Up-to-date: /ros_workspace/src/install/auv_interfaces/include/auv_interfaces/auv_interfaces/msg/detail
[0.387s] -- Up-to-date: /ros_workspace/src/install/auv_interfaces/include/auv_interfaces/auv_interfaces/msg/detail/dds_fastrtps
[0.387s] -- Up-to-date: /ros_workspace/src/install/auv_interfaces/include/auv_interfaces/auv_interfaces/msg/detail/bot_pose__rosidl_typesupport_fastrtps_cpp.hpp
[0.387s] -- Up-to-date: /ros_workspace/src/install/auv_interfaces/lib/libauv_interfaces__rosidl_typesupport_fastrtps_cpp.so
[0.387s] -- Up-to-date: /ros_workspace/src/install/auv_interfaces/include/auv_interfaces/auv_interfaces
[0.387s] -- Up-to-date: /ros_workspace/src/install/auv_interfaces/include/auv_interfaces/auv_interfaces/msg
[0.388s] -- Up-to-date: /ros_workspace/src/install/auv_interfaces/include/auv_interfaces/auv_interfaces/msg/detail
[0.388s] -- Up-to-date: /ros_workspace/src/install/auv_interfaces/include/auv_interfaces/auv_interfaces/msg/detail/bot_pose__rosidl_typesupport_introspection_cpp.hpp
[0.388s] -- Up-to-date: /ros_workspace/src/install/auv_interfaces/include/auv_interfaces/auv_interfaces/msg/detail/bot_pose__type_support.cpp
[0.388s] -- Up-to-date: /ros_workspace/src/install/auv_interfaces/lib/libauv_interfaces__rosidl_typesupport_introspection_cpp.so
[0.388s] -- Up-to-date: /ros_workspace/src/install/auv_interfaces/lib/libauv_interfaces__rosidl_typesupport_cpp.so
[0.388s] -- Up-to-date: /ros_workspace/src/install/auv_interfaces/share/auv_interfaces/environment/pythonpath.sh
[0.388s] -- Up-to-date: /ros_workspace/src/install/auv_interfaces/share/auv_interfaces/environment/pythonpath.dsv
[0.388s] -- Up-to-date: /ros_workspace/src/install/auv_interfaces/local/lib/python3.10/dist-packages/auv_interfaces-0.0.0-py3.10.egg-info
[0.388s] -- Installing: /ros_workspace/src/install/auv_interfaces/local/lib/python3.10/dist-packages/auv_interfaces-0.0.0-py3.10.egg-info/dependency_links.txt
[0.388s] -- Installing: /ros_workspace/src/install/auv_interfaces/local/lib/python3.10/dist-packages/auv_interfaces-0.0.0-py3.10.egg-info/PKG-INFO
[0.389s] -- Installing: /ros_workspace/src/install/auv_interfaces/local/lib/python3.10/dist-packages/auv_interfaces-0.0.0-py3.10.egg-info/top_level.txt
[0.389s] -- Installing: /ros_workspace/src/install/auv_interfaces/local/lib/python3.10/dist-packages/auv_interfaces-0.0.0-py3.10.egg-info/SOURCES.txt
[0.389s] -- Up-to-date: /ros_workspace/src/install/auv_interfaces/local/lib/python3.10/dist-packages/auv_interfaces
[0.389s] -- Up-to-date: /ros_workspace/src/install/auv_interfaces/local/lib/python3.10/dist-packages/auv_interfaces/libauv_interfaces__rosidl_generator_py.so
[0.389s] -- Up-to-date: /ros_workspace/src/install/auv_interfaces/local/lib/python3.10/dist-packages/auv_interfaces/_auv_interfaces_s.ep.rosidl_typesupport_fastrtps_c.c
[0.389s] -- Up-to-date: /ros_workspace/src/install/auv_interfaces/local/lib/python3.10/dist-packages/auv_interfaces/auv_interfaces_s__rosidl_typesupport_c.cpython-310-x86_64-linux-gnu.so
[0.389s] -- Up-to-date: /ros_workspace/src/install/auv_interfaces/local/lib/python3.10/dist-packages/auv_interfaces/msg
[0.389s] -- Up-to-date: /ros_workspace/src/install/auv_interfaces/local/lib/python3.10/dist-packages/auv_interfaces/msg/_bot_pose_s.c
[0.389s] -- Up-to-date: /ros_workspace/src/install/auv_interfaces/local/lib/python3.10/dist-packages/auv_interfaces/msg/__init__.py
[0.389s] -- Up-to-date: /ros_workspace/src/install/auv_interfaces/local/lib/python3.10/dist-packages/auv_interfaces/msg/_bot_pose.py
[0.390s] -- Up-to-date: /ros_workspace/src/install/auv_interfaces/local/lib/python3.10/dist-packages/auv_interfaces/_auv_interfaces_s.ep.rosidl_typesupport_c.c
[0.390s] -- Up-to-date: /ros_workspace/src/install/auv_interfaces/local/lib/python3.10/dist-packages/auv_interfaces/auv_interfaces_s__rosidl_typesupport_introspection_c.cpython-310-x86_64-linux-gnu.so
[0.390s] -- Up-to-date: /ros_workspace/src/install/auv_interfaces/local/lib/python3.10/dist-packages/auv_interfaces/_auv_interfaces_s.ep.rosidl_typesupport_introspection_c.c
[0.390s] -- Up-to-date: /ros_workspace/src/install/auv_interfaces/local/lib/python3.10/dist-packages/auv_interfaces/auv_interfaces_s__rosidl_typesupport_fastrtps_c.cpython-310-x86_64-linux-gnu.so
[0.390s] -- Up-to-date: /ros_workspace/src/install/auv_interfaces/local/lib/python3.10/dist-packages/auv_interfaces/__init__.py
[0.422s] Listing '/ros_workspace/src/install/auv_interfaces/local/lib/python3.10/dist-packages/auv_interfaces'...
[0.422s] Listing '/ros_workspace/src/install/auv_interfaces/local/lib/python3.10/dist-packages/auv_interfaces/msg'...
[0.427s] -- Up-to-date: /ros_workspace/src/install/auv_interfaces/local/lib/python3.10/dist-packages/auv_interfaces/auv_interfaces_s__rosidl_typesupport_fastrtps_c.cpython-310-x86_64-linux-gnu.so
[0.428s] -- Up-to-date: /ros_workspace/src/install/auv_interfaces/local/lib/python3.10/dist-packages/auv_interfaces/auv_interfaces_s__rosidl_typesupport_introspection_c.cpython-310-x86_64-linux-gnu.so
[0.428s] -- Up-to-date: /ros_workspace/src/install/auv_interfaces/local/lib/python3.10/dist-packages/auv_interfaces/auv_interfaces_s__rosidl_typesupport_c.cpython-310-x86_64-linux-gnu.so
[0.429s] -- Up-to-date: /ros_workspace/src/install/auv_interfaces/lib/libauv_interfaces__rosidl_generator_py.so
[0.429s] -- Up-to-date: /ros_workspace/src/install/auv_interfaces/share/ament_index/resource_index/rust_packages/auv_interfaces
[0.429s] -- Up-to-date: /ros_workspace/src/install/auv_interfaces/share/auv_interfaces/rust
[0.429s] -- Up-to-date: /ros_workspace/src/install/auv_interfaces/share/auv_interfaces/rust/build.rs
[0.429s] -- Up-to-date: /ros_workspace/src/install/auv_interfaces/share/auv_interfaces/rust/src
[0.429s] -- Up-to-date: /ros_workspace/src/install/auv_interfaces/share/auv_interfaces/rust/src/msg.rs
[0.429s] -- Up-to-date: /ros_workspace/src/install/auv_interfaces/share/auv_interfaces/rust/src/msg
[0.429s] -- Up-to-date: /ros_workspace/src/install/auv_interfaces/share/auv_interfaces/rust/src/msg/rmw.rs
[0.430s] -- Up-to-date: /ros_workspace/src/install/auv_interfaces/share/auv_interfaces/rust/src/lib.rs
[0.430s] -- Up-to-date: /ros_workspace/src/install/auv_interfaces/share/auv_interfaces/rust/Cargo.toml
[0.430s] -- Up-to-date: /ros_workspace/src/install/auv_interfaces/share/auv_interfaces/msg/BotPose.idl
[0.430s] -- Up-to-date: /ros_workspace/src/install/auv_interfaces/share/auv_interfaces/msg/BotPose.msg
[0.430s] -- Up-to-date: /ros_workspace/src/install/auv_interfaces/share/ament_index/resource_index/package_run_dependencies/auv_interfaces
[0.430s] -- Up-to-date: /ros_workspace/src/install/auv_interfaces/share/ament_index/resource_index/parent_prefix_path/auv_interfaces
[0.430s] -- Up-to-date: /ros_workspace/src/install/auv_interfaces/share/auv_interfaces/environment/ament_prefix_path.sh
[0.430s] -- Up-to-date: /ros_workspace/src/install/auv_interfaces/share/auv_interfaces/environment/ament_prefix_path.dsv
[0.430s] -- Up-to-date: /ros_workspace/src/install/auv_interfaces/share/auv_interfaces/environment/path.sh
[0.430s] -- Up-to-date: /ros_workspace/src/install/auv_interfaces/share/auv_interfaces/environment/path.dsv
[0.430s] -- Up-to-date: /ros_workspace/src/install/auv_interfaces/share/auv_interfaces/local_setup.bash
[0.431s] -- Up-to-date: /ros_workspace/src/install/auv_interfaces/share/auv_interfaces/local_setup.sh
[0.431s] -- Up-to-date: /ros_workspace/src/install/auv_interfaces/share/auv_interfaces/local_setup.zsh
[0.431s] -- Up-to-date: /ros_workspace/src/install/auv_interfaces/share/auv_interfaces/local_setup.dsv
[0.431s] -- Installing: /ros_workspace/src/install/auv_interfaces/share/auv_interfaces/package.dsv
[0.431s] -- Up-to-date: /ros_workspace/src/install/auv_interfaces/share/ament_index/resource_index/packages/auv_interfaces
[0.431s] -- Up-to-date: /ros_workspace/src/install/auv_interfaces/share/auv_interfaces/cmake/export_auv_interfaces__rosidl_generator_cExport.cmake
[0.431s] -- Up-to-date: /ros_workspace/src/install/auv_interfaces/share/auv_interfaces/cmake/export_auv_interfaces__rosidl_generator_cExport-noconfig.cmake
[0.431s] -- Up-to-date: /ros_workspace/src/install/auv_interfaces/share/auv_interfaces/cmake/export_auv_interfaces__rosidl_typesupport_fastrtps_cExport.cmake
[0.431s] -- Up-to-date: /ros_workspace/src/install/auv_interfaces/share/auv_interfaces/cmake/export_auv_interfaces__rosidl_typesupport_fastrtps_cExport-noconfig.cmake
[0.431s] -- Up-to-date: /ros_workspace/src/install/auv_interfaces/share/auv_interfaces/cmake/auv_interfaces__rosidl_typesupport_introspection_cExport.cmake
[0.431s] -- Up-to-date: /ros_workspace/src/install/auv_interfaces/share/auv_interfaces/cmake/auv_interfaces__rosidl_typesupport_introspection_cExport-noconfig.cmake
[0.432s] -- Up-to-date: /ros_workspace/src/install/auv_interfaces/share/auv_interfaces/cmake/auv_interfaces__rosidl_typesupport_cExport.cmake
[0.432s] -- Up-to-date: /ros_workspace/src/install/auv_interfaces/share/auv_interfaces/cmake/auv_interfaces__rosidl_typesupport_cExport-noconfig.cmake
[0.432s] -- Up-to-date: /ros_workspace/src/install/auv_interfaces/share/auv_interfaces/cmake/export_auv_interfaces__rosidl_generator_cppExport.cmake
[0.432s] -- Up-to-date: /ros_workspace/src/install/auv_interfaces/share/auv_interfaces/cmake/export_auv_interfaces__rosidl_typesupport_fastrtps_cppExport.cmake
[0.432s] -- Up-to-date: /ros_workspace/src/install/auv_interfaces/share/auv_interfaces/cmake/export_auv_interfaces__rosidl_typesupport_fastrtps_cppExport-noconfig.cmake
[0.432s] -- Up-to-date: /ros_workspace/src/install/auv_interfaces/share/auv_interfaces/cmake/auv_interfaces__rosidl_typesupport_introspection_cppExport.cmake
[0.432s] -- Up-to-date: /ros_workspace/src/install/auv_interfaces/share/auv_interfaces/cmake/auv_interfaces__rosidl_typesupport_introspection_cppExport-noconfig.cmake
[0.432s] -- Up-to-date: /ros_workspace/src/install/auv_interfaces/share/auv_interfaces/cmake/auv_interfaces__rosidl_typesupport_cppExport.cmake
[0.432s] -- Up-to-date: /ros_workspace/src/install/auv_interfaces/share/auv_interfaces/cmake/auv_interfaces__rosidl_typesupport_cppExport-noconfig.cmake
[0.432s] -- Up-to-date: /ros_workspace/src/install/auv_interfaces/share/auv_interfaces/cmake/export_auv_interfaces__rosidl_generator_pyExport.cmake
[0.433s] -- Up-to-date: /ros_workspace/src/install/auv_interfaces/share/auv_interfaces/cmake/export_auv_interfaces__rosidl_generator_pyExport-noconfig.cmake
[0.433s] -- Up-to-date: /ros_workspace/src/install/auv_interfaces/share/auv_interfaces/cmake/rosidl_cmake-extras.cmake
[0.433s] -- Up-to-date: /ros_workspace/src/install/auv_interfaces/share/auv_interfaces/cmake/ament_cmake_export_include_directories-extras.cmake
[0.433s] -- Up-to-date: /ros_workspace/src/install/auv_interfaces/share/auv_interfaces/cmake/ament_cmake_export_libraries-extras.cmake
[0.433s] -- Up-to-date: /ros_workspace/src/install/auv_interfaces/share/auv_interfaces/cmake/ament_cmake_export_targets-extras.cmake
[0.433s] -- Up-to-date: /ros_workspace/src/install/auv_interfaces/share/auv_interfaces/cmake/rosidl_cmake_export_typesupport_targets-extras.cmake
[0.433s] -- Up-to-date: /ros_workspace/src/install/auv_interfaces/share/auv_interfaces/cmake/ament_cmake_export_dependencies-extras.cmake
[0.433s] -- Up-to-date: /ros_workspace/src/install/auv_interfaces/share/auv_interfaces/cmake/rosidl_cmake_export_typesupport_libraries-extras.cmake
[0.433s] -- Up-to-date: /ros_workspace/src/install/auv_interfaces/share/auv_interfaces/cmake/auv_interfacesConfig.cmake
[0.433s] -- Up-to-date: /ros_workspace/src/install/auv_interfaces/share/auv_interfaces/cmake/auv_interfacesConfig-version.cmake
[0.433s] -- Up-to-date: /ros_workspace/src/install/auv_interfaces/share/auv_interfaces/package.xml
[0.437s] Invoked command in '/ros_workspace/src/build/auv_interfaces' returned '0': CMAKE_PREFIX_PATH=${CMAKE_PREFIX_PATH}:/ros_workspace/src/install/auv_recruitment:/opt/ros/humble /usr/bin/cmake --install /ros_workspace/src/build/auv_interfaces
